{
	"/home/thangved/Workspace/Procon/procon2023/src/constants/action-params.ts": {
		"path": "/home/thangved/Workspace/Procon/procon2023/src/constants/action-params.ts",
		"all": false,
		"statementMap": {
			"0": { "start": { "line": 1, "column": 0 }, "end": { "line": 1, "column": 41 } },
			"1": { "start": { "line": 2, "column": 0 }, "end": { "line": 2, "column": 120 } },
			"2": { "start": { "line": 3, "column": 0 }, "end": { "line": 3, "column": 70 } },
			"3": { "start": { "line": 4, "column": 0 }, "end": { "line": 4, "column": 59 } },
			"4": { "start": { "line": 5, "column": 0 }, "end": { "line": 5, "column": 0 } },
			"5": { "start": { "line": 6, "column": 0 }, "end": { "line": 6, "column": 3 } },
			"6": { "start": { "line": 7, "column": 0 }, "end": { "line": 7, "column": 74 } },
			"7": { "start": { "line": 8, "column": 0 }, "end": { "line": 8, "column": 3 } },
			"8": { "start": { "line": 9, "column": 0 }, "end": { "line": 9, "column": 98 } },
			"9": { "start": { "line": 10, "column": 0 }, "end": { "line": 10, "column": 0 } },
			"10": { "start": { "line": 11, "column": 0 }, "end": { "line": 11, "column": 47 } },
			"11": { "start": { "line": 12, "column": 0 }, "end": { "line": 12, "column": 49 } },
			"12": { "start": { "line": 13, "column": 0 }, "end": { "line": 13, "column": 5 } },
			"13": { "start": { "line": 14, "column": 0 }, "end": { "line": 14, "column": 16 } },
			"14": { "start": { "line": 15, "column": 0 }, "end": { "line": 15, "column": 15 } },
			"15": { "start": { "line": 16, "column": 0 }, "end": { "line": 16, "column": 16 } },
			"16": { "start": { "line": 17, "column": 0 }, "end": { "line": 17, "column": 15 } },
			"17": { "start": { "line": 18, "column": 0 }, "end": { "line": 18, "column": 2 } },
			"18": { "start": { "line": 19, "column": 0 }, "end": { "line": 19, "column": 0 } },
			"19": { "start": { "line": 20, "column": 0 }, "end": { "line": 20, "column": 3 } },
			"20": { "start": { "line": 21, "column": 0 }, "end": { "line": 21, "column": 108 } },
			"21": { "start": { "line": 22, "column": 0 }, "end": { "line": 22, "column": 3 } },
			"22": { "start": { "line": 23, "column": 0 }, "end": { "line": 23, "column": 41 } },
			"23": { "start": { "line": 24, "column": 0 }, "end": { "line": 24, "column": 6 } },
			"24": { "start": { "line": 25, "column": 0 }, "end": { "line": 25, "column": 9 } },
			"25": { "start": { "line": 26, "column": 0 }, "end": { "line": 26, "column": 8 } },
			"26": { "start": { "line": 27, "column": 0 }, "end": { "line": 27, "column": 8 } },
			"27": { "start": { "line": 28, "column": 0 }, "end": { "line": 28, "column": 14 } },
			"28": { "start": { "line": 29, "column": 0 }, "end": { "line": 29, "column": 15 } },
			"29": { "start": { "line": 30, "column": 0 }, "end": { "line": 30, "column": 14 } },
			"30": { "start": { "line": 31, "column": 0 }, "end": { "line": 31, "column": 15 } },
			"31": { "start": { "line": 32, "column": 0 }, "end": { "line": 32, "column": 2 } },
			"32": { "start": { "line": 33, "column": 0 }, "end": { "line": 33, "column": 0 } },
			"33": { "start": { "line": 34, "column": 0 }, "end": { "line": 34, "column": 33 } },
			"34": { "start": { "line": 35, "column": 0 }, "end": { "line": 35, "column": 33 } },
			"35": { "start": { "line": 36, "column": 0 }, "end": { "line": 36, "column": 5 } },
			"36": { "start": { "line": 37, "column": 0 }, "end": { "line": 37, "column": 12 } },
			"37": { "start": { "line": 38, "column": 0 }, "end": { "line": 38, "column": 15 } },
			"38": { "start": { "line": 39, "column": 0 }, "end": { "line": 39, "column": 12 } },
			"39": { "start": { "line": 40, "column": 0 }, "end": { "line": 40, "column": 15 } },
			"40": { "start": { "line": 41, "column": 0 }, "end": { "line": 41, "column": 27 } },
			"41": { "start": { "line": 42, "column": 0 }, "end": { "line": 42, "column": 27 } },
			"42": { "start": { "line": 43, "column": 0 }, "end": { "line": 43, "column": 27 } },
			"43": { "start": { "line": 44, "column": 0 }, "end": { "line": 44, "column": 27 } },
			"44": { "start": { "line": 45, "column": 0 }, "end": { "line": 45, "column": 2 } }
		},
		"s": {
			"0": 1,
			"1": 1,
			"2": 1,
			"3": 1,
			"4": 1,
			"5": 1,
			"6": 1,
			"7": 1,
			"8": 1,
			"9": 1,
			"10": 1,
			"11": 1,
			"12": 1,
			"13": 1,
			"14": 1,
			"15": 1,
			"16": 1,
			"17": 1,
			"18": 1,
			"19": 1,
			"20": 1,
			"21": 1,
			"22": 1,
			"23": 1,
			"24": 1,
			"25": 1,
			"26": 1,
			"27": 1,
			"28": 1,
			"29": 1,
			"30": 1,
			"31": 1,
			"32": 1,
			"33": 1,
			"34": 1,
			"35": 1,
			"36": 1,
			"37": 1,
			"38": 1,
			"39": 1,
			"40": 1,
			"41": 1,
			"42": 1,
			"43": 1,
			"44": 1
		},
		"branchMap": {},
		"b": {},
		"fnMap": {},
		"f": {}
	},
	"/home/thangved/Workspace/Procon/procon2023/src/constants/conicColors.ts": {
		"path": "/home/thangved/Workspace/Procon/procon2023/src/constants/conicColors.ts",
		"all": false,
		"statementMap": {
			"0": { "start": { "line": 1, "column": 0 }, "end": { "line": 1, "column": 77 } },
			"1": { "start": { "line": 2, "column": 0 }, "end": { "line": 2, "column": 0 } },
			"2": { "start": { "line": 3, "column": 0 }, "end": { "line": 3, "column": 27 } }
		},
		"s": { "0": 1, "1": 1, "2": 1 },
		"branchMap": {},
		"b": {},
		"fnMap": {},
		"f": {}
	},
	"/home/thangved/Workspace/Procon/procon2023/src/constants/index.ts": {
		"path": "/home/thangved/Workspace/Procon/procon2023/src/constants/index.ts",
		"all": false,
		"statementMap": {
			"0": { "start": { "line": 1, "column": 0 }, "end": { "line": 1, "column": 40 } },
			"1": { "start": { "line": 2, "column": 0 }, "end": { "line": 2, "column": 120 } },
			"2": { "start": { "line": 3, "column": 0 }, "end": { "line": 3, "column": 55 } }
		},
		"s": { "0": 1, "1": 1, "2": 1 },
		"branchMap": {},
		"b": {},
		"fnMap": {},
		"f": {}
	},
	"/home/thangved/Workspace/Procon/procon2023/src/game/classes/AStarGameManager.ts": {
		"path": "/home/thangved/Workspace/Procon/procon2023/src/game/classes/AStarGameManager.ts",
		"all": false,
		"statementMap": {
			"0": { "start": { "line": 1, "column": 0 }, "end": { "line": 1, "column": 39 } },
			"1": { "start": { "line": 2, "column": 0 }, "end": { "line": 2, "column": 38 } },
			"2": { "start": { "line": 3, "column": 0 }, "end": { "line": 3, "column": 50 } },
			"3": { "start": { "line": 4, "column": 0 }, "end": { "line": 4, "column": 40 } },
			"4": { "start": { "line": 5, "column": 0 }, "end": { "line": 5, "column": 0 } },
			"5": { "start": { "line": 6, "column": 0 }, "end": { "line": 6, "column": 21 } },
			"6": { "start": { "line": 7, "column": 0 }, "end": { "line": 7, "column": 19 } },
			"7": { "start": { "line": 8, "column": 0 }, "end": { "line": 8, "column": 20 } },
			"8": { "start": { "line": 9, "column": 0 }, "end": { "line": 9, "column": 2 } },
			"9": { "start": { "line": 10, "column": 0 }, "end": { "line": 10, "column": 0 } },
			"10": { "start": { "line": 11, "column": 0 }, "end": { "line": 11, "column": 3 } },
			"11": { "start": { "line": 12, "column": 0 }, "end": { "line": 12, "column": 34 } },
			"12": { "start": { "line": 13, "column": 0 }, "end": { "line": 13, "column": 23 } },
			"13": { "start": { "line": 14, "column": 0 }, "end": { "line": 14, "column": 32 } },
			"14": { "start": { "line": 15, "column": 0 }, "end": { "line": 15, "column": 3 } },
			"15": { "start": { "line": 16, "column": 0 }, "end": { "line": 16, "column": 88 } },
			"16": { "start": { "line": 17, "column": 0 }, "end": { "line": 17, "column": 85 } },
			"17": { "start": { "line": 18, "column": 0 }, "end": { "line": 18, "column": 66 } },
			"18": { "start": { "line": 19, "column": 0 }, "end": { "line": 19, "column": 2 } },
			"19": { "start": { "line": 20, "column": 0 }, "end": { "line": 20, "column": 0 } },
			"20": { "start": { "line": 21, "column": 0 }, "end": { "line": 21, "column": 16 } },
			"21": { "start": { "line": 22, "column": 0 }, "end": { "line": 22, "column": 30 } },
			"22": { "start": { "line": 23, "column": 0 }, "end": { "line": 23, "column": 20 } },
			"23": { "start": { "line": 24, "column": 0 }, "end": { "line": 24, "column": 27 } },
			"24": { "start": { "line": 25, "column": 0 }, "end": { "line": 25, "column": 23 } },
			"25": { "start": { "line": 26, "column": 0 }, "end": { "line": 26, "column": 18 } },
			"26": { "start": { "line": 27, "column": 0 }, "end": { "line": 27, "column": 34 } },
			"27": { "start": { "line": 28, "column": 0 }, "end": { "line": 28, "column": 11 } },
			"28": { "start": { "line": 29, "column": 0 }, "end": { "line": 29, "column": 11 } },
			"29": { "start": { "line": 30, "column": 0 }, "end": { "line": 30, "column": 49 } },
			"30": { "start": { "line": 31, "column": 0 }, "end": { "line": 31, "column": 5 } },
			"31": { "start": { "line": 32, "column": 0 }, "end": { "line": 32, "column": 3 } },
			"32": { "start": { "line": 33, "column": 0 }, "end": { "line": 33, "column": 0 } },
			"33": { "start": { "line": 34, "column": 0 }, "end": { "line": 34, "column": 68 } },
			"34": { "start": { "line": 35, "column": 0 }, "end": { "line": 35, "column": 43 } },
			"35": { "start": { "line": 36, "column": 0 }, "end": { "line": 36, "column": 0 } },
			"36": { "start": { "line": 37, "column": 0 }, "end": { "line": 37, "column": 42 } },
			"37": { "start": { "line": 38, "column": 0 }, "end": { "line": 38, "column": 61 } },
			"38": { "start": { "line": 39, "column": 0 }, "end": { "line": 39, "column": 27 } },
			"39": { "start": { "line": 40, "column": 0 }, "end": { "line": 40, "column": 5 } },
			"40": { "start": { "line": 41, "column": 0 }, "end": { "line": 41, "column": 15 } },
			"41": { "start": { "line": 42, "column": 0 }, "end": { "line": 42, "column": 7 } },
			"42": { "start": { "line": 43, "column": 0 }, "end": { "line": 43, "column": 17 } },
			"43": { "start": { "line": 44, "column": 0 }, "end": { "line": 44, "column": 20 } },
			"44": { "start": { "line": 45, "column": 0 }, "end": { "line": 45, "column": 13 } },
			"45": { "start": { "line": 46, "column": 0 }, "end": { "line": 46, "column": 8 } },
			"46": { "start": { "line": 47, "column": 0 }, "end": { "line": 47, "column": 7 } },
			"47": { "start": { "line": 48, "column": 0 }, "end": { "line": 48, "column": 44 } },
			"48": { "start": { "line": 49, "column": 0 }, "end": { "line": 49, "column": 22 } },
			"49": { "start": { "line": 50, "column": 0 }, "end": { "line": 50, "column": 11 } },
			"50": { "start": { "line": 51, "column": 0 }, "end": { "line": 51, "column": 16 } },
			"51": { "start": { "line": 52, "column": 0 }, "end": { "line": 52, "column": 29 } },
			"52": { "start": { "line": 53, "column": 0 }, "end": { "line": 53, "column": 6 } },
			"53": { "start": { "line": 54, "column": 0 }, "end": { "line": 54, "column": 6 } },
			"54": { "start": { "line": 55, "column": 0 }, "end": { "line": 55, "column": 0 } },
			"55": { "start": { "line": 56, "column": 0 }, "end": { "line": 56, "column": 88 } },
			"56": { "start": { "line": 57, "column": 0 }, "end": { "line": 57, "column": 3 } },
			"57": { "start": { "line": 58, "column": 0 }, "end": { "line": 58, "column": 0 } },
			"58": { "start": { "line": 59, "column": 0 }, "end": { "line": 59, "column": 70 } },
			"59": { "start": { "line": 60, "column": 0 }, "end": { "line": 60, "column": 2 } },
			"60": { "start": { "line": 61, "column": 0 }, "end": { "line": 61, "column": 1 } }
		},
		"s": {
			"0": 1,
			"1": 1,
			"2": 1,
			"3": 1,
			"4": 1,
			"5": 1,
			"6": 1,
			"7": 1,
			"8": 1,
			"9": 1,
			"10": 1,
			"11": 1,
			"12": 1,
			"13": 1,
			"14": 1,
			"15": 1,
			"16": 1,
			"17": 0,
			"18": 0,
			"19": 1,
			"20": 1,
			"21": 0,
			"22": 0,
			"23": 0,
			"24": 0,
			"25": 0,
			"26": 0,
			"27": 0,
			"28": 0,
			"29": 0,
			"30": 0,
			"31": 0,
			"32": 0,
			"33": 0,
			"34": 0,
			"35": 0,
			"36": 0,
			"37": 0,
			"38": 0,
			"39": 0,
			"40": 0,
			"41": 0,
			"42": 0,
			"43": 0,
			"44": 0,
			"45": 0,
			"46": 0,
			"47": 0,
			"48": 0,
			"49": 0,
			"50": 0,
			"51": 0,
			"52": 0,
			"53": 0,
			"54": 0,
			"55": 0,
			"56": 0,
			"57": 0,
			"58": 0,
			"59": 0,
			"60": 1
		},
		"branchMap": {},
		"b": {},
		"fnMap": {
			"0": {
				"name": "getNextCraftsmenAction",
				"decl": { "start": { "line": 17, "column": 20 }, "end": { "line": 19, "column": 2 } },
				"loc": { "start": { "line": 17, "column": 20 }, "end": { "line": 19, "column": 2 } },
				"line": 17
			},
			"1": {
				"name": "aStart",
				"decl": { "start": { "line": 21, "column": 9 }, "end": { "line": 60, "column": 2 } },
				"loc": { "start": { "line": 21, "column": 9 }, "end": { "line": 60, "column": 2 } },
				"line": 21
			}
		},
		"f": { "0": 0, "1": 0 }
	},
	"/home/thangved/Workspace/Procon/procon2023/src/game/classes/BaseGameManager.ts": {
		"path": "/home/thangved/Workspace/Procon/procon2023/src/game/classes/BaseGameManager.ts",
		"all": false,
		"statementMap": {
			"0": { "start": { "line": 1, "column": 0 }, "end": { "line": 1, "column": 35 } },
			"1": { "start": { "line": 2, "column": 0 }, "end": { "line": 2, "column": 61 } },
			"2": { "start": { "line": 3, "column": 0 }, "end": { "line": 3, "column": 53 } },
			"3": { "start": { "line": 4, "column": 0 }, "end": { "line": 4, "column": 47 } },
			"4": { "start": { "line": 5, "column": 0 }, "end": { "line": 5, "column": 43 } },
			"5": { "start": { "line": 6, "column": 0 }, "end": { "line": 6, "column": 51 } },
			"6": { "start": { "line": 7, "column": 0 }, "end": { "line": 7, "column": 47 } },
			"7": { "start": { "line": 8, "column": 0 }, "end": { "line": 8, "column": 62 } },
			"8": { "start": { "line": 9, "column": 0 }, "end": { "line": 9, "column": 44 } },
			"9": { "start": { "line": 10, "column": 0 }, "end": { "line": 10, "column": 0 } },
			"10": { "start": { "line": 11, "column": 0 }, "end": { "line": 11, "column": 3 } },
			"11": { "start": { "line": 12, "column": 0 }, "end": { "line": 12, "column": 33 } },
			"12": { "start": { "line": 13, "column": 0 }, "end": { "line": 13, "column": 25 } },
			"13": { "start": { "line": 14, "column": 0 }, "end": { "line": 14, "column": 31 } },
			"14": { "start": { "line": 15, "column": 0 }, "end": { "line": 15, "column": 3 } },
			"15": { "start": { "line": 16, "column": 0 }, "end": { "line": 16, "column": 88 } },
			"16": { "start": { "line": 17, "column": 0 }, "end": { "line": 17, "column": 4 } },
			"17": { "start": { "line": 18, "column": 0 }, "end": { "line": 18, "column": 41 } },
			"18": { "start": { "line": 19, "column": 0 }, "end": { "line": 19, "column": 32 } },
			"19": { "start": { "line": 20, "column": 0 }, "end": { "line": 20, "column": 42 } },
			"20": { "start": { "line": 21, "column": 0 }, "end": { "line": 21, "column": 16 } },
			"21": { "start": { "line": 22, "column": 0 }, "end": { "line": 22, "column": 4 } },
			"22": { "start": { "line": 23, "column": 0 }, "end": { "line": 23, "column": 57 } },
			"23": { "start": { "line": 24, "column": 0 }, "end": { "line": 24, "column": 17 } },
			"24": { "start": { "line": 25, "column": 0 }, "end": { "line": 25, "column": 24 } },
			"25": { "start": { "line": 26, "column": 0 }, "end": { "line": 26, "column": 9 } },
			"26": { "start": { "line": 27, "column": 0 }, "end": { "line": 27, "column": 0 } },
			"27": { "start": { "line": 28, "column": 0 }, "end": { "line": 28, "column": 24 } },
			"28": { "start": { "line": 29, "column": 0 }, "end": { "line": 29, "column": 26 } },
			"29": { "start": { "line": 30, "column": 0 }, "end": { "line": 30, "column": 9 } },
			"30": { "start": { "line": 31, "column": 0 }, "end": { "line": 31, "column": 0 } },
			"31": { "start": { "line": 32, "column": 0 }, "end": { "line": 32, "column": 34 } },
			"32": { "start": { "line": 33, "column": 0 }, "end": { "line": 33, "column": 19 } },
			"33": { "start": { "line": 34, "column": 0 }, "end": { "line": 34, "column": 15 } },
			"34": { "start": { "line": 35, "column": 0 }, "end": { "line": 35, "column": 19 } },
			"35": { "start": { "line": 36, "column": 0 }, "end": { "line": 36, "column": 13 } },
			"36": { "start": { "line": 37, "column": 0 }, "end": { "line": 37, "column": 13 } },
			"37": { "start": { "line": 38, "column": 0 }, "end": { "line": 38, "column": 5 } },
			"38": { "start": { "line": 39, "column": 0 }, "end": { "line": 39, "column": 0 } },
			"39": { "start": { "line": 40, "column": 0 }, "end": { "line": 40, "column": 71 } },
			"40": { "start": { "line": 41, "column": 0 }, "end": { "line": 41, "column": 15 } },
			"41": { "start": { "line": 42, "column": 0 }, "end": { "line": 42, "column": 19 } },
			"42": { "start": { "line": 43, "column": 0 }, "end": { "line": 43, "column": 13 } },
			"43": { "start": { "line": 44, "column": 0 }, "end": { "line": 44, "column": 13 } },
			"44": { "start": { "line": 45, "column": 0 }, "end": { "line": 45, "column": 7 } },
			"45": { "start": { "line": 46, "column": 0 }, "end": { "line": 46, "column": 3 } },
			"46": { "start": { "line": 47, "column": 0 }, "end": { "line": 47, "column": 0 } },
			"47": { "start": { "line": 48, "column": 0 }, "end": { "line": 48, "column": 8 } },
			"48": { "start": { "line": 49, "column": 0 }, "end": { "line": 49, "column": 12 } },
			"49": { "start": { "line": 50, "column": 0 }, "end": { "line": 50, "column": 18 } },
			"50": { "start": { "line": 51, "column": 0 }, "end": { "line": 51, "column": 14 } },
			"51": { "start": { "line": 52, "column": 0 }, "end": { "line": 52, "column": 22 } },
			"52": { "start": { "line": 53, "column": 0 }, "end": { "line": 53, "column": 20 } },
			"53": { "start": { "line": 54, "column": 0 }, "end": { "line": 54, "column": 25 } },
			"54": { "start": { "line": 55, "column": 0 }, "end": { "line": 55, "column": 15 } },
			"55": { "start": { "line": 56, "column": 0 }, "end": { "line": 56, "column": 16 } },
			"56": { "start": { "line": 57, "column": 0 }, "end": { "line": 57, "column": 50 } },
			"57": { "start": { "line": 58, "column": 0 }, "end": { "line": 58, "column": 52 } },
			"58": { "start": { "line": 59, "column": 0 }, "end": { "line": 59, "column": 77 } },
			"59": { "start": { "line": 60, "column": 0 }, "end": { "line": 60, "column": 6 } },
			"60": { "start": { "line": 61, "column": 0 }, "end": { "line": 61, "column": 5 } },
			"61": { "start": { "line": 62, "column": 0 }, "end": { "line": 62, "column": 39 } },
			"62": { "start": { "line": 63, "column": 0 }, "end": { "line": 63, "column": 34 } },
			"63": { "start": { "line": 64, "column": 0 }, "end": { "line": 64, "column": 30 } },
			"64": { "start": { "line": 65, "column": 0 }, "end": { "line": 65, "column": 30 } },
			"65": { "start": { "line": 66, "column": 0 }, "end": { "line": 66, "column": 30 } },
			"66": { "start": { "line": 67, "column": 0 }, "end": { "line": 67, "column": 31 } },
			"67": { "start": { "line": 68, "column": 0 }, "end": { "line": 68, "column": 6 } },
			"68": { "start": { "line": 69, "column": 0 }, "end": { "line": 69, "column": 10 } },
			"69": { "start": { "line": 70, "column": 0 }, "end": { "line": 70, "column": 17 } },
			"70": { "start": { "line": 71, "column": 0 }, "end": { "line": 71, "column": 4 } },
			"71": { "start": { "line": 72, "column": 0 }, "end": { "line": 72, "column": 2 } },
			"72": { "start": { "line": 73, "column": 0 }, "end": { "line": 73, "column": 0 } },
			"73": { "start": { "line": 74, "column": 0 }, "end": { "line": 74, "column": 60 } },
			"74": { "start": { "line": 75, "column": 0 }, "end": { "line": 75, "column": 55 } },
			"75": { "start": { "line": 76, "column": 0 }, "end": { "line": 76, "column": 2 } },
			"76": { "start": { "line": 77, "column": 0 }, "end": { "line": 77, "column": 1 } }
		},
		"s": {
			"0": 1,
			"1": 1,
			"2": 1,
			"3": 1,
			"4": 1,
			"5": 1,
			"6": 1,
			"7": 1,
			"8": 1,
			"9": 1,
			"10": 1,
			"11": 1,
			"12": 1,
			"13": 1,
			"14": 1,
			"15": 1,
			"16": 1,
			"17": 1,
			"18": 1,
			"19": 1,
			"20": 1,
			"21": 1,
			"22": 1,
			"23": 1,
			"24": 1,
			"25": 1,
			"26": 1,
			"27": 1,
			"28": 1,
			"29": 1,
			"30": 1,
			"31": 1,
			"32": 2,
			"33": 2,
			"34": 2,
			"35": 2,
			"36": 2,
			"37": 2,
			"38": 2,
			"39": 2,
			"40": 200,
			"41": 200,
			"42": 200,
			"43": 200,
			"44": 200,
			"45": 2,
			"46": 1,
			"47": 1,
			"48": 1,
			"49": 1,
			"50": 1,
			"51": 1,
			"52": 1,
			"53": 1,
			"54": 1,
			"55": 1,
			"56": 1,
			"57": 1,
			"58": 1,
			"59": 1,
			"60": 1,
			"61": 1,
			"62": 1,
			"63": 1,
			"64": 1,
			"65": 1,
			"66": 1,
			"67": 1,
			"68": 1,
			"69": 1,
			"70": 1,
			"71": 1,
			"72": 1,
			"73": 1,
			"74": 1,
			"75": 1,
			"76": 1
		},
		"branchMap": {
			"0": {
				"type": "branch",
				"line": 74,
				"loc": { "start": { "line": 74, "column": 1 }, "end": { "line": 76, "column": 2 } },
				"locations": [{ "start": { "line": 74, "column": 1 }, "end": { "line": 76, "column": 2 } }]
			},
			"1": {
				"type": "branch",
				"line": 75,
				"loc": { "start": { "line": 75, "column": 31 }, "end": { "line": 75, "column": 55 } },
				"locations": [{ "start": { "line": 75, "column": 31 }, "end": { "line": 75, "column": 55 } }]
			},
			"2": {
				"type": "branch",
				"line": 23,
				"loc": { "start": { "line": 23, "column": 1 }, "end": { "line": 72, "column": 2 } },
				"locations": [{ "start": { "line": 23, "column": 1 }, "end": { "line": 72, "column": 2 } }]
			},
			"3": {
				"type": "branch",
				"line": 32,
				"loc": { "start": { "line": 32, "column": 33 }, "end": { "line": 46, "column": 3 } },
				"locations": [{ "start": { "line": 32, "column": 33 }, "end": { "line": 46, "column": 3 } }]
			},
			"4": {
				"type": "branch",
				"line": 40,
				"loc": { "start": { "line": 40, "column": 63 }, "end": { "line": 45, "column": 7 } },
				"locations": [{ "start": { "line": 40, "column": 63 }, "end": { "line": 45, "column": 7 } }]
			},
			"5": {
				"type": "branch",
				"line": 57,
				"loc": { "start": { "line": 57, "column": 19 }, "end": { "line": 57, "column": 50 } },
				"locations": [{ "start": { "line": 57, "column": 19 }, "end": { "line": 57, "column": 50 } }]
			},
			"6": {
				"type": "branch",
				"line": 58,
				"loc": { "start": { "line": 58, "column": 21 }, "end": { "line": 58, "column": 52 } },
				"locations": [{ "start": { "line": 58, "column": 21 }, "end": { "line": 58, "column": 52 } }]
			},
			"7": {
				"type": "branch",
				"line": 59,
				"loc": { "start": { "line": 59, "column": 23 }, "end": { "line": 59, "column": 77 } },
				"locations": [{ "start": { "line": 59, "column": 23 }, "end": { "line": 59, "column": 77 } }]
			}
		},
		"b": { "0": [1], "1": [8], "2": [1], "3": [2], "4": [200], "5": [5], "6": [3], "7": [8] },
		"fnMap": {
			"0": {
				"name": "getCraftsmansBySide",
				"decl": { "start": { "line": 74, "column": 1 }, "end": { "line": 76, "column": 2 } },
				"loc": { "start": { "line": 74, "column": 1 }, "end": { "line": 76, "column": 2 } },
				"line": 74
			},
			"1": {
				"name": "BaseGameManager",
				"decl": { "start": { "line": 23, "column": 1 }, "end": { "line": 72, "column": 2 } },
				"loc": { "start": { "line": 23, "column": 1 }, "end": { "line": 72, "column": 2 } },
				"line": 23
			}
		},
		"f": { "0": 1, "1": 1 }
	},
	"/home/thangved/Workspace/Procon/procon2023/src/game/classes/BasePosition.ts": {
		"path": "/home/thangved/Workspace/Procon/procon2023/src/game/classes/BasePosition.ts",
		"all": false,
		"statementMap": {
			"0": { "start": { "line": 1, "column": 0 }, "end": { "line": 1, "column": 56 } },
			"1": { "start": { "line": 2, "column": 0 }, "end": { "line": 2, "column": 0 } },
			"2": { "start": { "line": 3, "column": 0 }, "end": { "line": 3, "column": 3 } },
			"3": { "start": { "line": 4, "column": 0 }, "end": { "line": 4, "column": 35 } },
			"4": { "start": { "line": 5, "column": 0 }, "end": { "line": 5, "column": 28 } },
			"5": { "start": { "line": 6, "column": 0 }, "end": { "line": 6, "column": 3 } },
			"6": { "start": { "line": 7, "column": 0 }, "end": { "line": 7, "column": 60 } },
			"7": { "start": { "line": 8, "column": 0 }, "end": { "line": 8, "column": 18 } },
			"8": { "start": { "line": 9, "column": 0 }, "end": { "line": 9, "column": 18 } },
			"9": { "start": { "line": 10, "column": 0 }, "end": { "line": 10, "column": 0 } },
			"10": { "start": { "line": 11, "column": 0 }, "end": { "line": 11, "column": 4 } },
			"11": { "start": { "line": 12, "column": 0 }, "end": { "line": 12, "column": 42 } },
			"12": { "start": { "line": 13, "column": 0 }, "end": { "line": 13, "column": 29 } },
			"13": { "start": { "line": 14, "column": 0 }, "end": { "line": 14, "column": 29 } },
			"14": { "start": { "line": 15, "column": 0 }, "end": { "line": 15, "column": 12 } },
			"15": { "start": { "line": 16, "column": 0 }, "end": { "line": 16, "column": 39 } },
			"16": { "start": { "line": 17, "column": 0 }, "end": { "line": 17, "column": 4 } },
			"17": { "start": { "line": 18, "column": 0 }, "end": { "line": 18, "column": 36 } },
			"18": { "start": { "line": 19, "column": 0 }, "end": { "line": 19, "column": 25 } },
			"19": { "start": { "line": 20, "column": 0 }, "end": { "line": 20, "column": 25 } },
			"20": { "start": { "line": 21, "column": 0 }, "end": { "line": 21, "column": 2 } },
			"21": { "start": { "line": 22, "column": 0 }, "end": { "line": 22, "column": 1 } }
		},
		"s": {
			"0": 1,
			"1": 1,
			"2": 1,
			"3": 1,
			"4": 1,
			"5": 1,
			"6": 1,
			"7": 1,
			"8": 1,
			"9": 1,
			"10": 1,
			"11": 1,
			"12": 1,
			"13": 1,
			"14": 1,
			"15": 1,
			"16": 1,
			"17": 1,
			"18": 14782,
			"19": 14782,
			"20": 14782,
			"21": 1
		},
		"branchMap": {
			"0": {
				"type": "branch",
				"line": 18,
				"loc": { "start": { "line": 18, "column": 1 }, "end": { "line": 21, "column": 2 } },
				"locations": [{ "start": { "line": 18, "column": 1 }, "end": { "line": 21, "column": 2 } }]
			}
		},
		"b": { "0": [14782] },
		"fnMap": {
			"0": {
				"name": "BasePosition",
				"decl": { "start": { "line": 18, "column": 1 }, "end": { "line": 21, "column": 2 } },
				"loc": { "start": { "line": 18, "column": 1 }, "end": { "line": 21, "column": 2 } },
				"line": 18
			}
		},
		"f": { "0": 14782 }
	},
	"/home/thangved/Workspace/Procon/procon2023/src/game/classes/BorderGameManager.ts": {
		"path": "/home/thangved/Workspace/Procon/procon2023/src/game/classes/BorderGameManager.ts",
		"all": false,
		"statementMap": {
			"0": { "start": { "line": 1, "column": 0 }, "end": { "line": 1, "column": 55 } },
			"1": { "start": { "line": 2, "column": 0 }, "end": { "line": 2, "column": 39 } },
			"2": { "start": { "line": 3, "column": 0 }, "end": { "line": 3, "column": 37 } },
			"3": { "start": { "line": 4, "column": 0 }, "end": { "line": 4, "column": 51 } },
			"4": { "start": { "line": 5, "column": 0 }, "end": { "line": 5, "column": 52 } },
			"5": { "start": { "line": 6, "column": 0 }, "end": { "line": 6, "column": 40 } },
			"6": { "start": { "line": 7, "column": 0 }, "end": { "line": 7, "column": 38 } },
			"7": { "start": { "line": 8, "column": 0 }, "end": { "line": 8, "column": 34 } },
			"8": { "start": { "line": 9, "column": 0 }, "end": { "line": 9, "column": 0 } },
			"9": { "start": { "line": 10, "column": 0 }, "end": { "line": 10, "column": 3 } },
			"10": { "start": { "line": 11, "column": 0 }, "end": { "line": 11, "column": 35 } },
			"11": { "start": { "line": 12, "column": 0 }, "end": { "line": 12, "column": 23 } },
			"12": { "start": { "line": 13, "column": 0 }, "end": { "line": 13, "column": 33 } },
			"13": { "start": { "line": 14, "column": 0 }, "end": { "line": 14, "column": 3 } },
			"14": { "start": { "line": 15, "column": 0 }, "end": { "line": 15, "column": 90 } },
			"15": { "start": { "line": 16, "column": 0 }, "end": { "line": 16, "column": 85 } },
			"16": { "start": { "line": 17, "column": 0 }, "end": { "line": 17, "column": 44 } },
			"17": { "start": { "line": 18, "column": 0 }, "end": { "line": 18, "column": 65 } },
			"18": { "start": { "line": 19, "column": 0 }, "end": { "line": 19, "column": 42 } },
			"19": { "start": { "line": 20, "column": 0 }, "end": { "line": 20, "column": 0 } },
			"20": { "start": { "line": 21, "column": 0 }, "end": { "line": 21, "column": 42 } },
			"21": { "start": { "line": 22, "column": 0 }, "end": { "line": 22, "column": 62 } },
			"22": { "start": { "line": 23, "column": 0 }, "end": { "line": 23, "column": 38 } },
			"23": { "start": { "line": 24, "column": 0 }, "end": { "line": 24, "column": 0 } },
			"24": { "start": { "line": 25, "column": 0 }, "end": { "line": 25, "column": 41 } },
			"25": { "start": { "line": 26, "column": 0 }, "end": { "line": 26, "column": 60 } },
			"26": { "start": { "line": 27, "column": 0 }, "end": { "line": 27, "column": 36 } },
			"27": { "start": { "line": 28, "column": 0 }, "end": { "line": 28, "column": 0 } },
			"28": { "start": { "line": 29, "column": 0 }, "end": { "line": 29, "column": 35 } },
			"29": { "start": { "line": 30, "column": 0 }, "end": { "line": 30, "column": 2 } },
			"30": { "start": { "line": 31, "column": 0 }, "end": { "line": 31, "column": 0 } },
			"31": { "start": { "line": 32, "column": 0 }, "end": { "line": 32, "column": 4 } },
			"32": { "start": { "line": 33, "column": 0 }, "end": { "line": 33, "column": 46 } },
			"33": { "start": { "line": 34, "column": 0 }, "end": { "line": 34, "column": 41 } },
			"34": { "start": { "line": 35, "column": 0 }, "end": { "line": 35, "column": 4 } },
			"35": { "start": { "line": 36, "column": 0 }, "end": { "line": 36, "column": 81 } },
			"36": { "start": { "line": 37, "column": 0 }, "end": { "line": 37, "column": 57 } },
			"37": { "start": { "line": 38, "column": 0 }, "end": { "line": 38, "column": 0 } },
			"38": { "start": { "line": 39, "column": 0 }, "end": { "line": 39, "column": 32 } },
			"39": { "start": { "line": 40, "column": 0 }, "end": { "line": 40, "column": 67 } },
			"40": { "start": { "line": 41, "column": 0 }, "end": { "line": 41, "column": 0 } },
			"41": { "start": { "line": 42, "column": 0 }, "end": { "line": 42, "column": 38 } },
			"42": { "start": { "line": 43, "column": 0 }, "end": { "line": 43, "column": 63 } },
			"43": { "start": { "line": 44, "column": 0 }, "end": { "line": 44, "column": 0 } },
			"44": { "start": { "line": 45, "column": 0 }, "end": { "line": 45, "column": 33 } },
			"45": { "start": { "line": 46, "column": 0 }, "end": { "line": 46, "column": 18 } },
			"46": { "start": { "line": 47, "column": 0 }, "end": { "line": 47, "column": 4 } },
			"47": { "start": { "line": 48, "column": 0 }, "end": { "line": 48, "column": 3 } },
			"48": { "start": { "line": 49, "column": 0 }, "end": { "line": 49, "column": 0 } },
			"49": { "start": { "line": 50, "column": 0 }, "end": { "line": 50, "column": 14 } },
			"50": { "start": { "line": 51, "column": 0 }, "end": { "line": 51, "column": 2 } },
			"51": { "start": { "line": 52, "column": 0 }, "end": { "line": 52, "column": 0 } },
			"52": { "start": { "line": 53, "column": 0 }, "end": { "line": 53, "column": 4 } },
			"53": { "start": { "line": 54, "column": 0 }, "end": { "line": 54, "column": 47 } },
			"54": { "start": { "line": 55, "column": 0 }, "end": { "line": 55, "column": 41 } },
			"55": { "start": { "line": 56, "column": 0 }, "end": { "line": 56, "column": 19 } },
			"56": { "start": { "line": 57, "column": 0 }, "end": { "line": 57, "column": 4 } },
			"57": { "start": { "line": 58, "column": 0 }, "end": { "line": 58, "column": 82 } },
			"58": { "start": { "line": 59, "column": 0 }, "end": { "line": 59, "column": 47 } },
			"59": { "start": { "line": 60, "column": 0 }, "end": { "line": 60, "column": 0 } },
			"60": { "start": { "line": 61, "column": 0 }, "end": { "line": 61, "column": 42 } },
			"61": { "start": { "line": 62, "column": 0 }, "end": { "line": 62, "column": 40 } },
			"62": { "start": { "line": 63, "column": 0 }, "end": { "line": 63, "column": 63 } },
			"63": { "start": { "line": 64, "column": 0 }, "end": { "line": 64, "column": 0 } },
			"64": { "start": { "line": 65, "column": 0 }, "end": { "line": 65, "column": 42 } },
			"65": { "start": { "line": 66, "column": 0 }, "end": { "line": 66, "column": 64 } },
			"66": { "start": { "line": 67, "column": 0 }, "end": { "line": 67, "column": 3 } },
			"67": { "start": { "line": 68, "column": 0 }, "end": { "line": 68, "column": 0 } },
			"68": { "start": { "line": 69, "column": 0 }, "end": { "line": 69, "column": 14 } },
			"69": { "start": { "line": 70, "column": 0 }, "end": { "line": 70, "column": 2 } },
			"70": { "start": { "line": 71, "column": 0 }, "end": { "line": 71, "column": 0 } },
			"71": { "start": { "line": 72, "column": 0 }, "end": { "line": 72, "column": 4 } },
			"72": { "start": { "line": 73, "column": 0 }, "end": { "line": 73, "column": 49 } },
			"73": { "start": { "line": 74, "column": 0 }, "end": { "line": 74, "column": 41 } },
			"74": { "start": { "line": 75, "column": 0 }, "end": { "line": 75, "column": 27 } },
			"75": { "start": { "line": 76, "column": 0 }, "end": { "line": 76, "column": 4 } },
			"76": { "start": { "line": 77, "column": 0 }, "end": { "line": 77, "column": 83 } },
			"77": { "start": { "line": 78, "column": 0 }, "end": { "line": 78, "column": 47 } },
			"78": { "start": { "line": 79, "column": 0 }, "end": { "line": 79, "column": 0 } },
			"79": { "start": { "line": 80, "column": 0 }, "end": { "line": 80, "column": 42 } },
			"80": { "start": { "line": 81, "column": 0 }, "end": { "line": 81, "column": 42 } },
			"81": { "start": { "line": 82, "column": 0 }, "end": { "line": 82, "column": 51 } },
			"82": { "start": { "line": 83, "column": 0 }, "end": { "line": 83, "column": 74 } },
			"83": { "start": { "line": 84, "column": 0 }, "end": { "line": 84, "column": 46 } },
			"84": { "start": { "line": 85, "column": 0 }, "end": { "line": 85, "column": 0 } },
			"85": { "start": { "line": 86, "column": 0 }, "end": { "line": 86, "column": 42 } },
			"86": { "start": { "line": 87, "column": 0 }, "end": { "line": 87, "column": 0 } },
			"87": { "start": { "line": 88, "column": 0 }, "end": { "line": 88, "column": 66 } },
			"88": { "start": { "line": 89, "column": 0 }, "end": { "line": 89, "column": 3 } },
			"89": { "start": { "line": 90, "column": 0 }, "end": { "line": 90, "column": 0 } },
			"90": { "start": { "line": 91, "column": 0 }, "end": { "line": 91, "column": 14 } },
			"91": { "start": { "line": 92, "column": 0 }, "end": { "line": 92, "column": 2 } },
			"92": { "start": { "line": 93, "column": 0 }, "end": { "line": 93, "column": 0 } },
			"93": { "start": { "line": 94, "column": 0 }, "end": { "line": 94, "column": 4 } },
			"94": { "start": { "line": 95, "column": 0 }, "end": { "line": 95, "column": 49 } },
			"95": { "start": { "line": 96, "column": 0 }, "end": { "line": 96, "column": 25 } },
			"96": { "start": { "line": 97, "column": 0 }, "end": { "line": 97, "column": 34 } },
			"97": { "start": { "line": 98, "column": 0 }, "end": { "line": 98, "column": 4 } },
			"98": { "start": { "line": 99, "column": 0 }, "end": { "line": 99, "column": 65 } },
			"99": { "start": { "line": 100, "column": 0 }, "end": { "line": 100, "column": 58 } },
			"100": { "start": { "line": 101, "column": 0 }, "end": { "line": 101, "column": 92 } },
			"101": { "start": { "line": 102, "column": 0 }, "end": { "line": 102, "column": 0 } },
			"102": { "start": { "line": 103, "column": 0 }, "end": { "line": 103, "column": 46 } },
			"103": { "start": { "line": 104, "column": 0 }, "end": { "line": 104, "column": 73 } },
			"104": { "start": { "line": 105, "column": 0 }, "end": { "line": 105, "column": 0 } },
			"105": { "start": { "line": 106, "column": 0 }, "end": { "line": 106, "column": 15 } },
			"106": { "start": { "line": 107, "column": 0 }, "end": { "line": 107, "column": 2 } },
			"107": { "start": { "line": 108, "column": 0 }, "end": { "line": 108, "column": 0 } },
			"108": { "start": { "line": 109, "column": 0 }, "end": { "line": 109, "column": 4 } },
			"109": { "start": { "line": 110, "column": 0 }, "end": { "line": 110, "column": 50 } },
			"110": { "start": { "line": 111, "column": 0 }, "end": { "line": 111, "column": 40 } },
			"111": { "start": { "line": 112, "column": 0 }, "end": { "line": 112, "column": 30 } },
			"112": { "start": { "line": 113, "column": 0 }, "end": { "line": 113, "column": 4 } },
			"113": { "start": { "line": 114, "column": 0 }, "end": { "line": 114, "column": 72 } },
			"114": { "start": { "line": 115, "column": 0 }, "end": { "line": 115, "column": 24 } },
			"115": { "start": { "line": 116, "column": 0 }, "end": { "line": 116, "column": 0 } },
			"116": { "start": { "line": 117, "column": 0 }, "end": { "line": 117, "column": 59 } },
			"117": { "start": { "line": 118, "column": 0 }, "end": { "line": 118, "column": 33 } },
			"118": { "start": { "line": 119, "column": 0 }, "end": { "line": 119, "column": 44 } },
			"119": { "start": { "line": 120, "column": 0 }, "end": { "line": 120, "column": 15 } },
			"120": { "start": { "line": 121, "column": 0 }, "end": { "line": 121, "column": 0 } },
			"121": { "start": { "line": 122, "column": 0 }, "end": { "line": 122, "column": 24 } },
			"122": { "start": { "line": 123, "column": 0 }, "end": { "line": 123, "column": 30 } },
			"123": { "start": { "line": 124, "column": 0 }, "end": { "line": 124, "column": 10 } },
			"124": { "start": { "line": 125, "column": 0 }, "end": { "line": 125, "column": 0 } },
			"125": { "start": { "line": 126, "column": 0 }, "end": { "line": 126, "column": 30 } },
			"126": { "start": { "line": 127, "column": 0 }, "end": { "line": 127, "column": 0 } },
			"127": { "start": { "line": 128, "column": 0 }, "end": { "line": 128, "column": 38 } },
			"128": { "start": { "line": 129, "column": 0 }, "end": { "line": 129, "column": 36 } },
			"129": { "start": { "line": 130, "column": 0 }, "end": { "line": 130, "column": 30 } },
			"130": { "start": { "line": 131, "column": 0 }, "end": { "line": 131, "column": 28 } },
			"131": { "start": { "line": 132, "column": 0 }, "end": { "line": 132, "column": 0 } },
			"132": { "start": { "line": 133, "column": 0 }, "end": { "line": 133, "column": 41 } },
			"133": { "start": { "line": 134, "column": 0 }, "end": { "line": 134, "column": 0 } },
			"134": { "start": { "line": 135, "column": 0 }, "end": { "line": 135, "column": 42 } },
			"135": { "start": { "line": 136, "column": 0 }, "end": { "line": 136, "column": 0 } },
			"136": { "start": { "line": 137, "column": 0 }, "end": { "line": 137, "column": 87 } },
			"137": { "start": { "line": 138, "column": 0 }, "end": { "line": 138, "column": 32 } },
			"138": { "start": { "line": 139, "column": 0 }, "end": { "line": 139, "column": 0 } },
			"139": { "start": { "line": 140, "column": 0 }, "end": { "line": 140, "column": 21 } },
			"140": { "start": { "line": 141, "column": 0 }, "end": { "line": 141, "column": 0 } },
			"141": { "start": { "line": 142, "column": 0 }, "end": { "line": 142, "column": 24 } },
			"142": { "start": { "line": 143, "column": 0 }, "end": { "line": 143, "column": 3 } },
			"143": { "start": { "line": 144, "column": 0 }, "end": { "line": 144, "column": 0 } },
			"144": { "start": { "line": 145, "column": 0 }, "end": { "line": 145, "column": 77 } },
			"145": { "start": { "line": 146, "column": 0 }, "end": { "line": 146, "column": 2 } },
			"146": { "start": { "line": 147, "column": 0 }, "end": { "line": 147, "column": 1 } }
		},
		"s": {
			"0": 1,
			"1": 1,
			"2": 1,
			"3": 1,
			"4": 1,
			"5": 1,
			"6": 1,
			"7": 1,
			"8": 1,
			"9": 1,
			"10": 1,
			"11": 1,
			"12": 1,
			"13": 1,
			"14": 1,
			"15": 1,
			"16": 0,
			"17": 0,
			"18": 0,
			"19": 0,
			"20": 0,
			"21": 0,
			"22": 0,
			"23": 0,
			"24": 0,
			"25": 0,
			"26": 0,
			"27": 0,
			"28": 0,
			"29": 0,
			"30": 1,
			"31": 1,
			"32": 1,
			"33": 1,
			"34": 1,
			"35": 1,
			"36": 0,
			"37": 0,
			"38": 0,
			"39": 0,
			"40": 0,
			"41": 0,
			"42": 0,
			"43": 0,
			"44": 0,
			"45": 0,
			"46": 0,
			"47": 0,
			"48": 0,
			"49": 0,
			"50": 0,
			"51": 1,
			"52": 1,
			"53": 1,
			"54": 1,
			"55": 1,
			"56": 1,
			"57": 1,
			"58": 0,
			"59": 0,
			"60": 0,
			"61": 0,
			"62": 0,
			"63": 0,
			"64": 0,
			"65": 0,
			"66": 0,
			"67": 0,
			"68": 0,
			"69": 0,
			"70": 1,
			"71": 1,
			"72": 1,
			"73": 1,
			"74": 1,
			"75": 1,
			"76": 1,
			"77": 0,
			"78": 0,
			"79": 0,
			"80": 0,
			"81": 0,
			"82": 0,
			"83": 0,
			"84": 0,
			"85": 0,
			"86": 0,
			"87": 0,
			"88": 0,
			"89": 0,
			"90": 0,
			"91": 0,
			"92": 1,
			"93": 1,
			"94": 1,
			"95": 1,
			"96": 1,
			"97": 1,
			"98": 1,
			"99": 0,
			"100": 0,
			"101": 0,
			"102": 0,
			"103": 0,
			"104": 0,
			"105": 0,
			"106": 0,
			"107": 1,
			"108": 1,
			"109": 1,
			"110": 1,
			"111": 1,
			"112": 1,
			"113": 1,
			"114": 0,
			"115": 0,
			"116": 0,
			"117": 0,
			"118": 0,
			"119": 0,
			"120": 0,
			"121": 0,
			"122": 0,
			"123": 0,
			"124": 0,
			"125": 0,
			"126": 0,
			"127": 0,
			"128": 0,
			"129": 0,
			"130": 0,
			"131": 0,
			"132": 0,
			"133": 0,
			"134": 0,
			"135": 0,
			"136": 0,
			"137": 0,
			"138": 0,
			"139": 0,
			"140": 0,
			"141": 0,
			"142": 0,
			"143": 0,
			"144": 0,
			"145": 0,
			"146": 1
		},
		"branchMap": {},
		"b": {},
		"fnMap": {
			"0": {
				"name": "getNextCraftsmenAction",
				"decl": { "start": { "line": 16, "column": 20 }, "end": { "line": 30, "column": 2 } },
				"loc": { "start": { "line": 16, "column": 20 }, "end": { "line": 30, "column": 2 } },
				"line": 16
			},
			"1": {
				"name": "getCraftsmanMoveAction",
				"decl": { "start": { "line": 36, "column": 1 }, "end": { "line": 51, "column": 2 } },
				"loc": { "start": { "line": 36, "column": 1 }, "end": { "line": 51, "column": 2 } },
				"line": 36
			},
			"2": {
				"name": "getCraftsmenBuildAction",
				"decl": { "start": { "line": 58, "column": 1 }, "end": { "line": 70, "column": 2 } },
				"loc": { "start": { "line": 58, "column": 1 }, "end": { "line": 70, "column": 2 } },
				"line": 58
			},
			"3": {
				"name": "getCrafsmenDestroyAction",
				"decl": { "start": { "line": 77, "column": 1 }, "end": { "line": 92, "column": 2 } },
				"loc": { "start": { "line": 77, "column": 1 }, "end": { "line": 92, "column": 2 } },
				"line": 77
			},
			"4": {
				"name": "willBuildWall",
				"decl": { "start": { "line": 99, "column": 1 }, "end": { "line": 107, "column": 2 } },
				"loc": { "start": { "line": 99, "column": 1 }, "end": { "line": 107, "column": 2 } },
				"line": 99
			},
			"5": {
				"name": "getPositionsWillGoto",
				"decl": { "start": { "line": 114, "column": 1 }, "end": { "line": 146, "column": 2 } },
				"loc": { "start": { "line": 114, "column": 1 }, "end": { "line": 146, "column": 2 } },
				"line": 114
			}
		},
		"f": { "0": 0, "1": 0, "2": 0, "3": 0, "4": 0, "5": 0 }
	},
	"/home/thangved/Workspace/Procon/procon2023/src/game/classes/CaroGameManager.ts": {
		"path": "/home/thangved/Workspace/Procon/procon2023/src/game/classes/CaroGameManager.ts",
		"all": false,
		"statementMap": {
			"0": { "start": { "line": 1, "column": 0 }, "end": { "line": 1, "column": 69 } },
			"1": { "start": { "line": 2, "column": 0 }, "end": { "line": 2, "column": 54 } },
			"2": { "start": { "line": 3, "column": 0 }, "end": { "line": 3, "column": 47 } },
			"3": { "start": { "line": 4, "column": 0 }, "end": { "line": 4, "column": 62 } },
			"4": { "start": { "line": 5, "column": 0 }, "end": { "line": 5, "column": 52 } },
			"5": { "start": { "line": 6, "column": 0 }, "end": { "line": 6, "column": 40 } },
			"6": { "start": { "line": 7, "column": 0 }, "end": { "line": 7, "column": 44 } },
			"7": { "start": { "line": 8, "column": 0 }, "end": { "line": 8, "column": 38 } },
			"8": { "start": { "line": 9, "column": 0 }, "end": { "line": 9, "column": 34 } },
			"9": { "start": { "line": 10, "column": 0 }, "end": { "line": 10, "column": 44 } },
			"10": { "start": { "line": 11, "column": 0 }, "end": { "line": 11, "column": 0 } },
			"11": { "start": { "line": 12, "column": 0 }, "end": { "line": 12, "column": 24 } },
			"12": { "start": { "line": 13, "column": 0 }, "end": { "line": 13, "column": 36 } },
			"13": { "start": { "line": 14, "column": 0 }, "end": { "line": 14, "column": 35 } },
			"14": { "start": { "line": 15, "column": 0 }, "end": { "line": 15, "column": 35 } },
			"15": { "start": { "line": 16, "column": 0 }, "end": { "line": 16, "column": 35 } },
			"16": { "start": { "line": 17, "column": 0 }, "end": { "line": 17, "column": 36 } },
			"17": { "start": { "line": 18, "column": 0 }, "end": { "line": 18, "column": 2 } },
			"18": { "start": { "line": 19, "column": 0 }, "end": { "line": 19, "column": 0 } },
			"19": { "start": { "line": 20, "column": 0 }, "end": { "line": 20, "column": 27 } },
			"20": { "start": { "line": 21, "column": 0 }, "end": { "line": 21, "column": 25 } },
			"21": { "start": { "line": 22, "column": 0 }, "end": { "line": 22, "column": 24 } },
			"22": { "start": { "line": 23, "column": 0 }, "end": { "line": 23, "column": 25 } },
			"23": { "start": { "line": 24, "column": 0 }, "end": { "line": 24, "column": 5 } },
			"24": { "start": { "line": 25, "column": 0 }, "end": { "line": 25, "column": 0 } },
			"25": { "start": { "line": 26, "column": 0 }, "end": { "line": 26, "column": 48 } },
			"26": { "start": { "line": 27, "column": 0 }, "end": { "line": 27, "column": 46 } },
			"27": { "start": { "line": 28, "column": 0 }, "end": { "line": 28, "column": 0 } },
			"28": { "start": { "line": 29, "column": 0 }, "end": { "line": 29, "column": 56 } },
			"29": { "start": { "line": 30, "column": 0 }, "end": { "line": 30, "column": 33 } },
			"30": { "start": { "line": 31, "column": 0 }, "end": { "line": 31, "column": 37 } },
			"31": { "start": { "line": 32, "column": 0 }, "end": { "line": 32, "column": 38 } },
			"32": { "start": { "line": 33, "column": 0 }, "end": { "line": 33, "column": 58 } },
			"33": { "start": { "line": 34, "column": 0 }, "end": { "line": 34, "column": 2 } },
			"34": { "start": { "line": 35, "column": 0 }, "end": { "line": 35, "column": 1 } },
			"35": { "start": { "line": 36, "column": 0 }, "end": { "line": 36, "column": 0 } },
			"36": { "start": { "line": 37, "column": 0 }, "end": { "line": 37, "column": 3 } },
			"37": { "start": { "line": 38, "column": 0 }, "end": { "line": 38, "column": 33 } },
			"38": { "start": { "line": 39, "column": 0 }, "end": { "line": 39, "column": 23 } },
			"39": { "start": { "line": 40, "column": 0 }, "end": { "line": 40, "column": 31 } },
			"40": { "start": { "line": 41, "column": 0 }, "end": { "line": 41, "column": 3 } },
			"41": { "start": { "line": 42, "column": 0 }, "end": { "line": 42, "column": 86 } },
			"42": { "start": { "line": 43, "column": 0 }, "end": { "line": 43, "column": 79 } },
			"43": { "start": { "line": 44, "column": 0 }, "end": { "line": 44, "column": 81 } },
			"44": { "start": { "line": 45, "column": 0 }, "end": { "line": 45, "column": 59 } },
			"45": { "start": { "line": 46, "column": 0 }, "end": { "line": 46, "column": 0 } },
			"46": { "start": { "line": 47, "column": 0 }, "end": { "line": 47, "column": 63 } },
			"47": { "start": { "line": 48, "column": 0 }, "end": { "line": 48, "column": 35 } },
			"48": { "start": { "line": 49, "column": 0 }, "end": { "line": 49, "column": 36 } },
			"49": { "start": { "line": 50, "column": 0 }, "end": { "line": 50, "column": 2 } },
			"50": { "start": { "line": 51, "column": 0 }, "end": { "line": 51, "column": 0 } },
			"51": { "start": { "line": 52, "column": 0 }, "end": { "line": 52, "column": 77 } },
			"52": { "start": { "line": 53, "column": 0 }, "end": { "line": 53, "column": 35 } },
			"53": { "start": { "line": 54, "column": 0 }, "end": { "line": 54, "column": 41 } },
			"54": { "start": { "line": 55, "column": 0 }, "end": { "line": 55, "column": 2 } },
			"55": { "start": { "line": 56, "column": 0 }, "end": { "line": 56, "column": 0 } },
			"56": { "start": { "line": 57, "column": 0 }, "end": { "line": 57, "column": 4 } },
			"57": { "start": { "line": 58, "column": 0 }, "end": { "line": 58, "column": 121 } },
			"58": { "start": { "line": 59, "column": 0 }, "end": { "line": 59, "column": 27 } },
			"59": { "start": { "line": 60, "column": 0 }, "end": { "line": 60, "column": 4 } },
			"60": { "start": { "line": 61, "column": 0 }, "end": { "line": 61, "column": 55 } },
			"61": { "start": { "line": 62, "column": 0 }, "end": { "line": 62, "column": 28 } },
			"62": { "start": { "line": 63, "column": 0 }, "end": { "line": 63, "column": 56 } },
			"63": { "start": { "line": 64, "column": 0 }, "end": { "line": 64, "column": 58 } },
			"64": { "start": { "line": 65, "column": 0 }, "end": { "line": 65, "column": 42 } },
			"65": { "start": { "line": 66, "column": 0 }, "end": { "line": 66, "column": 0 } },
			"66": { "start": { "line": 67, "column": 0 }, "end": { "line": 67, "column": 65 } },
			"67": { "start": { "line": 68, "column": 0 }, "end": { "line": 68, "column": 40 } },
			"68": { "start": { "line": 69, "column": 0 }, "end": { "line": 69, "column": 42 } },
			"69": { "start": { "line": 70, "column": 0 }, "end": { "line": 70, "column": 35 } },
			"70": { "start": { "line": 71, "column": 0 }, "end": { "line": 71, "column": 30 } },
			"71": { "start": { "line": 72, "column": 0 }, "end": { "line": 72, "column": 80 } },
			"72": { "start": { "line": 73, "column": 0 }, "end": { "line": 73, "column": 27 } },
			"73": { "start": { "line": 74, "column": 0 }, "end": { "line": 74, "column": 83 } },
			"74": { "start": { "line": 75, "column": 0 }, "end": { "line": 75, "column": 4 } },
			"75": { "start": { "line": 76, "column": 0 }, "end": { "line": 76, "column": 3 } },
			"76": { "start": { "line": 77, "column": 0 }, "end": { "line": 77, "column": 0 } },
			"77": { "start": { "line": 78, "column": 0 }, "end": { "line": 78, "column": 67 } },
			"78": { "start": { "line": 79, "column": 0 }, "end": { "line": 79, "column": 119 } },
			"79": { "start": { "line": 80, "column": 0 }, "end": { "line": 80, "column": 38 } },
			"80": { "start": { "line": 81, "column": 0 }, "end": { "line": 81, "column": 51 } },
			"81": { "start": { "line": 82, "column": 0 }, "end": { "line": 82, "column": 49 } },
			"82": { "start": { "line": 83, "column": 0 }, "end": { "line": 83, "column": 47 } },
			"83": { "start": { "line": 84, "column": 0 }, "end": { "line": 84, "column": 4 } },
			"84": { "start": { "line": 85, "column": 0 }, "end": { "line": 85, "column": 3 } },
			"85": { "start": { "line": 86, "column": 0 }, "end": { "line": 86, "column": 0 } },
			"86": { "start": { "line": 87, "column": 0 }, "end": { "line": 87, "column": 104 } },
			"87": { "start": { "line": 88, "column": 0 }, "end": { "line": 88, "column": 34 } },
			"88": { "start": { "line": 89, "column": 0 }, "end": { "line": 89, "column": 49 } },
			"89": { "start": { "line": 90, "column": 0 }, "end": { "line": 90, "column": 49 } },
			"90": { "start": { "line": 91, "column": 0 }, "end": { "line": 91, "column": 47 } },
			"91": { "start": { "line": 92, "column": 0 }, "end": { "line": 92, "column": 4 } },
			"92": { "start": { "line": 93, "column": 0 }, "end": { "line": 93, "column": 3 } },
			"93": { "start": { "line": 94, "column": 0 }, "end": { "line": 94, "column": 0 } },
			"94": { "start": { "line": 95, "column": 0 }, "end": { "line": 95, "column": 62 } },
			"95": { "start": { "line": 96, "column": 0 }, "end": { "line": 96, "column": 40 } },
			"96": { "start": { "line": 97, "column": 0 }, "end": { "line": 97, "column": 42 } },
			"97": { "start": { "line": 98, "column": 0 }, "end": { "line": 98, "column": 35 } },
			"98": { "start": { "line": 99, "column": 0 }, "end": { "line": 99, "column": 0 } },
			"99": { "start": { "line": 100, "column": 0 }, "end": { "line": 100, "column": 95 } },
			"100": { "start": { "line": 101, "column": 0 }, "end": { "line": 101, "column": 84 } },
			"101": { "start": { "line": 102, "column": 0 }, "end": { "line": 102, "column": 81 } },
			"102": { "start": { "line": 103, "column": 0 }, "end": { "line": 103, "column": 124 } },
			"103": { "start": { "line": 104, "column": 0 }, "end": { "line": 104, "column": 0 } },
			"104": { "start": { "line": 105, "column": 0 }, "end": { "line": 105, "column": 71 } },
			"105": { "start": { "line": 106, "column": 0 }, "end": { "line": 106, "column": 64 } },
			"106": { "start": { "line": 107, "column": 0 }, "end": { "line": 107, "column": 0 } },
			"107": { "start": { "line": 108, "column": 0 }, "end": { "line": 108, "column": 27 } },
			"108": { "start": { "line": 109, "column": 0 }, "end": { "line": 109, "column": 108 } },
			"109": { "start": { "line": 110, "column": 0 }, "end": { "line": 110, "column": 0 } },
			"110": { "start": { "line": 111, "column": 0 }, "end": { "line": 111, "column": 78 } },
			"111": { "start": { "line": 112, "column": 0 }, "end": { "line": 112, "column": 68 } },
			"112": { "start": { "line": 113, "column": 0 }, "end": { "line": 113, "column": 44 } },
			"113": { "start": { "line": 114, "column": 0 }, "end": { "line": 114, "column": 0 } },
			"114": { "start": { "line": 115, "column": 0 }, "end": { "line": 115, "column": 90 } },
			"115": { "start": { "line": 116, "column": 0 }, "end": { "line": 116, "column": 52 } },
			"116": { "start": { "line": 117, "column": 0 }, "end": { "line": 117, "column": 44 } },
			"117": { "start": { "line": 118, "column": 0 }, "end": { "line": 118, "column": 5 } },
			"118": { "start": { "line": 119, "column": 0 }, "end": { "line": 119, "column": 0 } },
			"119": { "start": { "line": 120, "column": 0 }, "end": { "line": 120, "column": 40 } },
			"120": { "start": { "line": 121, "column": 0 }, "end": { "line": 121, "column": 21 } },
			"121": { "start": { "line": 122, "column": 0 }, "end": { "line": 122, "column": 104 } },
			"122": { "start": { "line": 123, "column": 0 }, "end": { "line": 123, "column": 55 } },
			"123": { "start": { "line": 124, "column": 0 }, "end": { "line": 124, "column": 12 } },
			"124": { "start": { "line": 125, "column": 0 }, "end": { "line": 125, "column": 96 } },
			"125": { "start": { "line": 126, "column": 0 }, "end": { "line": 126, "column": 56 } },
			"126": { "start": { "line": 127, "column": 0 }, "end": { "line": 127, "column": 12 } },
			"127": { "start": { "line": 128, "column": 0 }, "end": { "line": 128, "column": 99 } },
			"128": { "start": { "line": 129, "column": 0 }, "end": { "line": 129, "column": 53 } },
			"129": { "start": { "line": 130, "column": 0 }, "end": { "line": 130, "column": 12 } },
			"130": { "start": { "line": 131, "column": 0 }, "end": { "line": 131, "column": 12 } },
			"131": { "start": { "line": 132, "column": 0 }, "end": { "line": 132, "column": 12 } },
			"132": { "start": { "line": 133, "column": 0 }, "end": { "line": 133, "column": 72 } },
			"133": { "start": { "line": 134, "column": 0 }, "end": { "line": 134, "column": 55 } },
			"134": { "start": { "line": 135, "column": 0 }, "end": { "line": 135, "column": 5 } },
			"135": { "start": { "line": 136, "column": 0 }, "end": { "line": 136, "column": 0 } },
			"136": { "start": { "line": 137, "column": 0 }, "end": { "line": 137, "column": 67 } },
			"137": { "start": { "line": 138, "column": 0 }, "end": { "line": 138, "column": 79 } },
			"138": { "start": { "line": 139, "column": 0 }, "end": { "line": 139, "column": 44 } },
			"139": { "start": { "line": 140, "column": 0 }, "end": { "line": 140, "column": 6 } },
			"140": { "start": { "line": 141, "column": 0 }, "end": { "line": 141, "column": 5 } },
			"141": { "start": { "line": 142, "column": 0 }, "end": { "line": 142, "column": 0 } },
			"142": { "start": { "line": 143, "column": 0 }, "end": { "line": 143, "column": 56 } },
			"143": { "start": { "line": 144, "column": 0 }, "end": { "line": 144, "column": 74 } },
			"144": { "start": { "line": 145, "column": 0 }, "end": { "line": 145, "column": 4 } },
			"145": { "start": { "line": 146, "column": 0 }, "end": { "line": 146, "column": 3 } },
			"146": { "start": { "line": 147, "column": 0 }, "end": { "line": 147, "column": 0 } },
			"147": { "start": { "line": 148, "column": 0 }, "end": { "line": 148, "column": 52 } },
			"148": { "start": { "line": 149, "column": 0 }, "end": { "line": 149, "column": 59 } },
			"149": { "start": { "line": 150, "column": 0 }, "end": { "line": 150, "column": 63 } },
			"150": { "start": { "line": 151, "column": 0 }, "end": { "line": 151, "column": 51 } },
			"151": { "start": { "line": 152, "column": 0 }, "end": { "line": 152, "column": 2 } },
			"152": { "start": { "line": 153, "column": 0 }, "end": { "line": 153, "column": 0 } },
			"153": { "start": { "line": 154, "column": 0 }, "end": { "line": 154, "column": 4 } },
			"154": { "start": { "line": 155, "column": 0 }, "end": { "line": 155, "column": 73 } },
			"155": { "start": { "line": 156, "column": 0 }, "end": { "line": 156, "column": 36 } },
			"156": { "start": { "line": 157, "column": 0 }, "end": { "line": 157, "column": 29 } },
			"157": { "start": { "line": 158, "column": 0 }, "end": { "line": 158, "column": 57 } },
			"158": { "start": { "line": 159, "column": 0 }, "end": { "line": 159, "column": 4 } },
			"159": { "start": { "line": 160, "column": 0 }, "end": { "line": 160, "column": 66 } },
			"160": { "start": { "line": 161, "column": 0 }, "end": { "line": 161, "column": 23 } },
			"161": { "start": { "line": 162, "column": 0 }, "end": { "line": 162, "column": 146 } },
			"162": { "start": { "line": 163, "column": 0 }, "end": { "line": 163, "column": 62 } },
			"163": { "start": { "line": 164, "column": 0 }, "end": { "line": 164, "column": 28 } },
			"164": { "start": { "line": 165, "column": 0 }, "end": { "line": 165, "column": 0 } },
			"165": { "start": { "line": 166, "column": 0 }, "end": { "line": 166, "column": 35 } },
			"166": { "start": { "line": 167, "column": 0 }, "end": { "line": 167, "column": 0 } },
			"167": { "start": { "line": 168, "column": 0 }, "end": { "line": 168, "column": 36 } },
			"168": { "start": { "line": 169, "column": 0 }, "end": { "line": 169, "column": 21 } },
			"169": { "start": { "line": 170, "column": 0 }, "end": { "line": 170, "column": 24 } },
			"170": { "start": { "line": 171, "column": 0 }, "end": { "line": 171, "column": 103 } },
			"171": { "start": { "line": 172, "column": 0 }, "end": { "line": 172, "column": 0 } },
			"172": { "start": { "line": 173, "column": 0 }, "end": { "line": 173, "column": 28 } },
			"173": { "start": { "line": 174, "column": 0 }, "end": { "line": 174, "column": 48 } },
			"174": { "start": { "line": 175, "column": 0 }, "end": { "line": 175, "column": 50 } },
			"175": { "start": { "line": 176, "column": 0 }, "end": { "line": 176, "column": 48 } },
			"176": { "start": { "line": 177, "column": 0 }, "end": { "line": 177, "column": 52 } },
			"177": { "start": { "line": 178, "column": 0 }, "end": { "line": 178, "column": 48 } },
			"178": { "start": { "line": 179, "column": 0 }, "end": { "line": 179, "column": 0 } },
			"179": { "start": { "line": 180, "column": 0 }, "end": { "line": 180, "column": 14 } },
			"180": { "start": { "line": 181, "column": 0 }, "end": { "line": 181, "column": 2 } },
			"181": { "start": { "line": 182, "column": 0 }, "end": { "line": 182, "column": 0 } },
			"182": { "start": { "line": 183, "column": 0 }, "end": { "line": 183, "column": 4 } },
			"183": { "start": { "line": 184, "column": 0 }, "end": { "line": 184, "column": 73 } },
			"184": { "start": { "line": 185, "column": 0 }, "end": { "line": 185, "column": 36 } },
			"185": { "start": { "line": 186, "column": 0 }, "end": { "line": 186, "column": 29 } },
			"186": { "start": { "line": 187, "column": 0 }, "end": { "line": 187, "column": 57 } },
			"187": { "start": { "line": 188, "column": 0 }, "end": { "line": 188, "column": 4 } },
			"188": { "start": { "line": 189, "column": 0 }, "end": { "line": 189, "column": 69 } },
			"189": { "start": { "line": 190, "column": 0 }, "end": { "line": 190, "column": 47 } },
			"190": { "start": { "line": 191, "column": 0 }, "end": { "line": 191, "column": 49 } },
			"191": { "start": { "line": 192, "column": 0 }, "end": { "line": 192, "column": 47 } },
			"192": { "start": { "line": 193, "column": 0 }, "end": { "line": 193, "column": 51 } },
			"193": { "start": { "line": 194, "column": 0 }, "end": { "line": 194, "column": 47 } },
			"194": { "start": { "line": 195, "column": 0 }, "end": { "line": 195, "column": 0 } },
			"195": { "start": { "line": 196, "column": 0 }, "end": { "line": 196, "column": 54 } },
			"196": { "start": { "line": 197, "column": 0 }, "end": { "line": 197, "column": 28 } },
			"197": { "start": { "line": 198, "column": 0 }, "end": { "line": 198, "column": 27 } },
			"198": { "start": { "line": 199, "column": 0 }, "end": { "line": 199, "column": 12 } },
			"199": { "start": { "line": 200, "column": 0 }, "end": { "line": 200, "column": 13 } },
			"200": { "start": { "line": 201, "column": 0 }, "end": { "line": 201, "column": 45 } },
			"201": { "start": { "line": 202, "column": 0 }, "end": { "line": 202, "column": 82 } },
			"202": { "start": { "line": 203, "column": 0 }, "end": { "line": 203, "column": 8 } },
			"203": { "start": { "line": 204, "column": 0 }, "end": { "line": 204, "column": 34 } },
			"204": { "start": { "line": 205, "column": 0 }, "end": { "line": 205, "column": 0 } },
			"205": { "start": { "line": 206, "column": 0 }, "end": { "line": 206, "column": 36 } },
			"206": { "start": { "line": 207, "column": 0 }, "end": { "line": 207, "column": 21 } },
			"207": { "start": { "line": 208, "column": 0 }, "end": { "line": 208, "column": 24 } },
			"208": { "start": { "line": 209, "column": 0 }, "end": { "line": 209, "column": 103 } },
			"209": { "start": { "line": 210, "column": 0 }, "end": { "line": 210, "column": 27 } },
			"210": { "start": { "line": 211, "column": 0 }, "end": { "line": 211, "column": 0 } },
			"211": { "start": { "line": 212, "column": 0 }, "end": { "line": 212, "column": 15 } },
			"212": { "start": { "line": 213, "column": 0 }, "end": { "line": 213, "column": 2 } },
			"213": { "start": { "line": 214, "column": 0 }, "end": { "line": 214, "column": 0 } },
			"214": { "start": { "line": 215, "column": 0 }, "end": { "line": 215, "column": 4 } },
			"215": { "start": { "line": 216, "column": 0 }, "end": { "line": 216, "column": 73 } },
			"216": { "start": { "line": 217, "column": 0 }, "end": { "line": 217, "column": 36 } },
			"217": { "start": { "line": 218, "column": 0 }, "end": { "line": 218, "column": 29 } },
			"218": { "start": { "line": 219, "column": 0 }, "end": { "line": 219, "column": 57 } },
			"219": { "start": { "line": 220, "column": 0 }, "end": { "line": 220, "column": 4 } },
			"220": { "start": { "line": 221, "column": 0 }, "end": { "line": 221, "column": 67 } },
			"221": { "start": { "line": 222, "column": 0 }, "end": { "line": 222, "column": 49 } },
			"222": { "start": { "line": 223, "column": 0 }, "end": { "line": 223, "column": 52 } },
			"223": { "start": { "line": 224, "column": 0 }, "end": { "line": 224, "column": 6 } },
			"224": { "start": { "line": 225, "column": 0 }, "end": { "line": 225, "column": 6 } },
			"225": { "start": { "line": 226, "column": 0 }, "end": { "line": 226, "column": 25 } },
			"226": { "start": { "line": 227, "column": 0 }, "end": { "line": 227, "column": 103 } },
			"227": { "start": { "line": 228, "column": 0 }, "end": { "line": 228, "column": 3 } },
			"228": { "start": { "line": 229, "column": 0 }, "end": { "line": 229, "column": 16 } },
			"229": { "start": { "line": 230, "column": 0 }, "end": { "line": 230, "column": 64 } },
			"230": { "start": { "line": 231, "column": 0 }, "end": { "line": 231, "column": 0 } },
			"231": { "start": { "line": 232, "column": 0 }, "end": { "line": 232, "column": 15 } },
			"232": { "start": { "line": 233, "column": 0 }, "end": { "line": 233, "column": 2 } },
			"233": { "start": { "line": 234, "column": 0 }, "end": { "line": 234, "column": 0 } },
			"234": { "start": { "line": 235, "column": 0 }, "end": { "line": 235, "column": 84 } },
			"235": { "start": { "line": 236, "column": 0 }, "end": { "line": 236, "column": 48 } },
			"236": { "start": { "line": 237, "column": 0 }, "end": { "line": 237, "column": 61 } },
			"237": { "start": { "line": 238, "column": 0 }, "end": { "line": 238, "column": 38 } },
			"238": { "start": { "line": 239, "column": 0 }, "end": { "line": 239, "column": 0 } },
			"239": { "start": { "line": 240, "column": 0 }, "end": { "line": 240, "column": 52 } },
			"240": { "start": { "line": 241, "column": 0 }, "end": { "line": 241, "column": 56 } },
			"241": { "start": { "line": 242, "column": 0 }, "end": { "line": 242, "column": 42 } },
			"242": { "start": { "line": 243, "column": 0 }, "end": { "line": 243, "column": 0 } },
			"243": { "start": { "line": 244, "column": 0 }, "end": { "line": 244, "column": 40 } },
			"244": { "start": { "line": 245, "column": 0 }, "end": { "line": 245, "column": 45 } },
			"245": { "start": { "line": 246, "column": 0 }, "end": { "line": 246, "column": 44 } },
			"246": { "start": { "line": 247, "column": 0 }, "end": { "line": 247, "column": 0 } },
			"247": { "start": { "line": 248, "column": 0 }, "end": { "line": 248, "column": 54 } },
			"248": { "start": { "line": 249, "column": 0 }, "end": { "line": 249, "column": 65 } },
			"249": { "start": { "line": 250, "column": 0 }, "end": { "line": 250, "column": 51 } },
			"250": { "start": { "line": 251, "column": 0 }, "end": { "line": 251, "column": 0 } },
			"251": { "start": { "line": 252, "column": 0 }, "end": { "line": 252, "column": 33 } },
			"252": { "start": { "line": 253, "column": 0 }, "end": { "line": 253, "column": 0 } },
			"253": { "start": { "line": 254, "column": 0 }, "end": { "line": 254, "column": 47 } },
			"254": { "start": { "line": 255, "column": 0 }, "end": { "line": 255, "column": 20 } },
			"255": { "start": { "line": 256, "column": 0 }, "end": { "line": 256, "column": 2 } },
			"256": { "start": { "line": 257, "column": 0 }, "end": { "line": 257, "column": 0 } },
			"257": { "start": { "line": 258, "column": 0 }, "end": { "line": 258, "column": 4 } },
			"258": { "start": { "line": 259, "column": 0 }, "end": { "line": 259, "column": 52 } },
			"259": { "start": { "line": 260, "column": 0 }, "end": { "line": 260, "column": 40 } },
			"260": { "start": { "line": 261, "column": 0 }, "end": { "line": 261, "column": 44 } },
			"261": { "start": { "line": 262, "column": 0 }, "end": { "line": 262, "column": 4 } },
			"262": { "start": { "line": 263, "column": 0 }, "end": { "line": 263, "column": 72 } },
			"263": { "start": { "line": 264, "column": 0 }, "end": { "line": 264, "column": 60 } },
			"264": { "start": { "line": 265, "column": 0 }, "end": { "line": 265, "column": 25 } },
			"265": { "start": { "line": 266, "column": 0 }, "end": { "line": 266, "column": 61 } },
			"266": { "start": { "line": 267, "column": 0 }, "end": { "line": 267, "column": 45 } },
			"267": { "start": { "line": 268, "column": 0 }, "end": { "line": 268, "column": 7 } },
			"268": { "start": { "line": 269, "column": 0 }, "end": { "line": 269, "column": 0 } },
			"269": { "start": { "line": 270, "column": 0 }, "end": { "line": 270, "column": 27 } },
			"270": { "start": { "line": 271, "column": 0 }, "end": { "line": 271, "column": 6 } },
			"271": { "start": { "line": 272, "column": 0 }, "end": { "line": 272, "column": 0 } },
			"272": { "start": { "line": 273, "column": 0 }, "end": { "line": 273, "column": 54 } },
			"273": { "start": { "line": 274, "column": 0 }, "end": { "line": 274, "column": 46 } },
			"274": { "start": { "line": 275, "column": 0 }, "end": { "line": 275, "column": 44 } },
			"275": { "start": { "line": 276, "column": 0 }, "end": { "line": 276, "column": 0 } },
			"276": { "start": { "line": 277, "column": 0 }, "end": { "line": 277, "column": 29 } },
			"277": { "start": { "line": 278, "column": 0 }, "end": { "line": 278, "column": 0 } },
			"278": { "start": { "line": 279, "column": 0 }, "end": { "line": 279, "column": 27 } },
			"279": { "start": { "line": 280, "column": 0 }, "end": { "line": 280, "column": 38 } },
			"280": { "start": { "line": 281, "column": 0 }, "end": { "line": 281, "column": 0 } },
			"281": { "start": { "line": 282, "column": 0 }, "end": { "line": 282, "column": 28 } },
			"282": { "start": { "line": 283, "column": 0 }, "end": { "line": 283, "column": 80 } },
			"283": { "start": { "line": 284, "column": 0 }, "end": { "line": 284, "column": 31 } },
			"284": { "start": { "line": 285, "column": 0 }, "end": { "line": 285, "column": 25 } },
			"285": { "start": { "line": 286, "column": 0 }, "end": { "line": 286, "column": 0 } },
			"286": { "start": { "line": 287, "column": 0 }, "end": { "line": 287, "column": 36 } },
			"287": { "start": { "line": 288, "column": 0 }, "end": { "line": 288, "column": 28 } },
			"288": { "start": { "line": 289, "column": 0 }, "end": { "line": 289, "column": 0 } },
			"289": { "start": { "line": 290, "column": 0 }, "end": { "line": 290, "column": 44 } },
			"290": { "start": { "line": 291, "column": 0 }, "end": { "line": 291, "column": 55 } },
			"291": { "start": { "line": 292, "column": 0 }, "end": { "line": 292, "column": 56 } },
			"292": { "start": { "line": 293, "column": 0 }, "end": { "line": 293, "column": 45 } },
			"293": { "start": { "line": 294, "column": 0 }, "end": { "line": 294, "column": 102 } },
			"294": { "start": { "line": 295, "column": 0 }, "end": { "line": 295, "column": 0 } },
			"295": { "start": { "line": 296, "column": 0 }, "end": { "line": 296, "column": 41 } },
			"296": { "start": { "line": 297, "column": 0 }, "end": { "line": 297, "column": 0 } },
			"297": { "start": { "line": 298, "column": 0 }, "end": { "line": 298, "column": 29 } },
			"298": { "start": { "line": 299, "column": 0 }, "end": { "line": 299, "column": 59 } },
			"299": { "start": { "line": 300, "column": 0 }, "end": { "line": 300, "column": 32 } },
			"300": { "start": { "line": 301, "column": 0 }, "end": { "line": 301, "column": 26 } },
			"301": { "start": { "line": 302, "column": 0 }, "end": { "line": 302, "column": 105 } },
			"302": { "start": { "line": 303, "column": 0 }, "end": { "line": 303, "column": 34 } },
			"303": { "start": { "line": 304, "column": 0 }, "end": { "line": 304, "column": 0 } },
			"304": { "start": { "line": 305, "column": 0 }, "end": { "line": 305, "column": 48 } },
			"305": { "start": { "line": 306, "column": 0 }, "end": { "line": 306, "column": 36 } },
			"306": { "start": { "line": 307, "column": 0 }, "end": { "line": 307, "column": 31 } },
			"307": { "start": { "line": 308, "column": 0 }, "end": { "line": 308, "column": 20 } },
			"308": { "start": { "line": 309, "column": 0 }, "end": { "line": 309, "column": 6 } },
			"309": { "start": { "line": 310, "column": 0 }, "end": { "line": 310, "column": 5 } },
			"310": { "start": { "line": 311, "column": 0 }, "end": { "line": 311, "column": 0 } },
			"311": { "start": { "line": 312, "column": 0 }, "end": { "line": 312, "column": 50 } },
			"312": { "start": { "line": 313, "column": 0 }, "end": { "line": 313, "column": 36 } },
			"313": { "start": { "line": 314, "column": 0 }, "end": { "line": 314, "column": 31 } },
			"314": { "start": { "line": 315, "column": 0 }, "end": { "line": 315, "column": 20 } },
			"315": { "start": { "line": 316, "column": 0 }, "end": { "line": 316, "column": 6 } },
			"316": { "start": { "line": 317, "column": 0 }, "end": { "line": 317, "column": 5 } },
			"317": { "start": { "line": 318, "column": 0 }, "end": { "line": 318, "column": 4 } },
			"318": { "start": { "line": 319, "column": 0 }, "end": { "line": 319, "column": 0 } },
			"319": { "start": { "line": 320, "column": 0 }, "end": { "line": 320, "column": 35 } },
			"320": { "start": { "line": 321, "column": 0 }, "end": { "line": 321, "column": 0 } },
			"321": { "start": { "line": 322, "column": 0 }, "end": { "line": 322, "column": 33 } },
			"322": { "start": { "line": 323, "column": 0 }, "end": { "line": 323, "column": 80 } },
			"323": { "start": { "line": 324, "column": 0 }, "end": { "line": 324, "column": 4 } },
			"324": { "start": { "line": 325, "column": 0 }, "end": { "line": 325, "column": 3 } },
			"325": { "start": { "line": 326, "column": 0 }, "end": { "line": 326, "column": 0 } },
			"326": { "start": { "line": 327, "column": 0 }, "end": { "line": 327, "column": 71 } },
			"327": { "start": { "line": 328, "column": 0 }, "end": { "line": 328, "column": 0 } },
			"328": { "start": { "line": 329, "column": 0 }, "end": { "line": 329, "column": 51 } },
			"329": { "start": { "line": 330, "column": 0 }, "end": { "line": 330, "column": 58 } },
			"330": { "start": { "line": 331, "column": 0 }, "end": { "line": 331, "column": 41 } },
			"331": { "start": { "line": 332, "column": 0 }, "end": { "line": 332, "column": 43 } },
			"332": { "start": { "line": 333, "column": 0 }, "end": { "line": 333, "column": 3 } },
			"333": { "start": { "line": 334, "column": 0 }, "end": { "line": 334, "column": 0 } },
			"334": { "start": { "line": 335, "column": 0 }, "end": { "line": 335, "column": 61 } },
			"335": { "start": { "line": 336, "column": 0 }, "end": { "line": 336, "column": 17 } },
			"336": { "start": { "line": 337, "column": 0 }, "end": { "line": 337, "column": 2 } },
			"337": { "start": { "line": 338, "column": 0 }, "end": { "line": 338, "column": 0 } },
			"338": { "start": { "line": 339, "column": 0 }, "end": { "line": 339, "column": 4 } },
			"339": { "start": { "line": 340, "column": 0 }, "end": { "line": 340, "column": 33 } },
			"340": { "start": { "line": 341, "column": 0 }, "end": { "line": 341, "column": 40 } },
			"341": { "start": { "line": 342, "column": 0 }, "end": { "line": 342, "column": 25 } },
			"342": { "start": { "line": 343, "column": 0 }, "end": { "line": 343, "column": 4 } },
			"343": { "start": { "line": 344, "column": 0 }, "end": { "line": 344, "column": 81 } },
			"344": { "start": { "line": 345, "column": 0 }, "end": { "line": 345, "column": 45 } },
			"345": { "start": { "line": 346, "column": 0 }, "end": { "line": 346, "column": 0 } },
			"346": { "start": { "line": 347, "column": 0 }, "end": { "line": 347, "column": 25 } },
			"347": { "start": { "line": 348, "column": 0 }, "end": { "line": 348, "column": 23 } },
			"348": { "start": { "line": 349, "column": 0 }, "end": { "line": 349, "column": 0 } },
			"349": { "start": { "line": 350, "column": 0 }, "end": { "line": 350, "column": 55 } },
			"350": { "start": { "line": 351, "column": 0 }, "end": { "line": 351, "column": 0 } },
			"351": { "start": { "line": 352, "column": 0 }, "end": { "line": 352, "column": 41 } },
			"352": { "start": { "line": 353, "column": 0 }, "end": { "line": 353, "column": 63 } },
			"353": { "start": { "line": 354, "column": 0 }, "end": { "line": 354, "column": 3 } },
			"354": { "start": { "line": 355, "column": 0 }, "end": { "line": 355, "column": 0 } },
			"355": { "start": { "line": 356, "column": 0 }, "end": { "line": 356, "column": 14 } },
			"356": { "start": { "line": 357, "column": 0 }, "end": { "line": 357, "column": 2 } },
			"357": { "start": { "line": 358, "column": 0 }, "end": { "line": 358, "column": 0 } },
			"358": { "start": { "line": 359, "column": 0 }, "end": { "line": 359, "column": 7 } },
			"359": { "start": { "line": 360, "column": 0 }, "end": { "line": 360, "column": 62 } },
			"360": { "start": { "line": 361, "column": 0 }, "end": { "line": 361, "column": 44 } },
			"361": { "start": { "line": 362, "column": 0 }, "end": { "line": 362, "column": 30 } },
			"362": { "start": { "line": 363, "column": 0 }, "end": { "line": 363, "column": 7 } },
			"363": { "start": { "line": 364, "column": 0 }, "end": { "line": 364, "column": 78 } },
			"364": { "start": { "line": 365, "column": 0 }, "end": { "line": 365, "column": 50 } },
			"365": { "start": { "line": 366, "column": 0 }, "end": { "line": 366, "column": 24 } },
			"366": { "start": { "line": 367, "column": 0 }, "end": { "line": 367, "column": 47 } },
			"367": { "start": { "line": 368, "column": 0 }, "end": { "line": 368, "column": 0 } },
			"368": { "start": { "line": 369, "column": 0 }, "end": { "line": 369, "column": 41 } },
			"369": { "start": { "line": 370, "column": 0 }, "end": { "line": 370, "column": 101 } },
			"370": { "start": { "line": 371, "column": 0 }, "end": { "line": 371, "column": 0 } },
			"371": { "start": { "line": 372, "column": 0 }, "end": { "line": 372, "column": 50 } },
			"372": { "start": { "line": 373, "column": 0 }, "end": { "line": 373, "column": 42 } },
			"373": { "start": { "line": 374, "column": 0 }, "end": { "line": 374, "column": 38 } },
			"374": { "start": { "line": 375, "column": 0 }, "end": { "line": 375, "column": 0 } },
			"375": { "start": { "line": 376, "column": 0 }, "end": { "line": 376, "column": 51 } },
			"376": { "start": { "line": 377, "column": 0 }, "end": { "line": 377, "column": 27 } },
			"377": { "start": { "line": 378, "column": 0 }, "end": { "line": 378, "column": 22 } },
			"378": { "start": { "line": 379, "column": 0 }, "end": { "line": 379, "column": 30 } },
			"379": { "start": { "line": 380, "column": 0 }, "end": { "line": 380, "column": 7 } },
			"380": { "start": { "line": 381, "column": 0 }, "end": { "line": 381, "column": 6 } },
			"381": { "start": { "line": 382, "column": 0 }, "end": { "line": 382, "column": 0 } },
			"382": { "start": { "line": 383, "column": 0 }, "end": { "line": 383, "column": 46 } },
			"383": { "start": { "line": 384, "column": 0 }, "end": { "line": 384, "column": 26 } },
			"384": { "start": { "line": 385, "column": 0 }, "end": { "line": 385, "column": 5 } },
			"385": { "start": { "line": 386, "column": 0 }, "end": { "line": 386, "column": 0 } },
			"386": { "start": { "line": 387, "column": 0 }, "end": { "line": 387, "column": 4 } },
			"387": { "start": { "line": 388, "column": 0 }, "end": { "line": 388, "column": 49 } },
			"388": { "start": { "line": 389, "column": 0 }, "end": { "line": 389, "column": 41 } },
			"389": { "start": { "line": 390, "column": 0 }, "end": { "line": 390, "column": 41 } },
			"390": { "start": { "line": 391, "column": 0 }, "end": { "line": 391, "column": 4 } },
			"391": { "start": { "line": 392, "column": 0 }, "end": { "line": 392, "column": 75 } },
			"392": { "start": { "line": 393, "column": 0 }, "end": { "line": 393, "column": 80 } },
			"393": { "start": { "line": 394, "column": 0 }, "end": { "line": 394, "column": 51 } },
			"394": { "start": { "line": 395, "column": 0 }, "end": { "line": 395, "column": 0 } },
			"395": { "start": { "line": 396, "column": 0 }, "end": { "line": 396, "column": 46 } },
			"396": { "start": { "line": 397, "column": 0 }, "end": { "line": 397, "column": 28 } },
			"397": { "start": { "line": 398, "column": 0 }, "end": { "line": 398, "column": 45 } },
			"398": { "start": { "line": 399, "column": 0 }, "end": { "line": 399, "column": 0 } },
			"399": { "start": { "line": 400, "column": 0 }, "end": { "line": 400, "column": 57 } },
			"400": { "start": { "line": 401, "column": 0 }, "end": { "line": 401, "column": 0 } },
			"401": { "start": { "line": 402, "column": 0 }, "end": { "line": 402, "column": 43 } },
			"402": { "start": { "line": 403, "column": 0 }, "end": { "line": 403, "column": 31 } },
			"403": { "start": { "line": 404, "column": 0 }, "end": { "line": 404, "column": 44 } },
			"404": { "start": { "line": 405, "column": 0 }, "end": { "line": 405, "column": 3 } },
			"405": { "start": { "line": 406, "column": 0 }, "end": { "line": 406, "column": 0 } },
			"406": { "start": { "line": 407, "column": 0 }, "end": { "line": 407, "column": 60 } },
			"407": { "start": { "line": 408, "column": 0 }, "end": { "line": 408, "column": 14 } },
			"408": { "start": { "line": 409, "column": 0 }, "end": { "line": 409, "column": 2 } },
			"409": { "start": { "line": 410, "column": 0 }, "end": { "line": 410, "column": 1 } }
		},
		"s": {
			"0": 1,
			"1": 1,
			"2": 1,
			"3": 1,
			"4": 1,
			"5": 1,
			"6": 1,
			"7": 1,
			"8": 1,
			"9": 1,
			"10": 1,
			"11": 1,
			"12": 1,
			"13": 1,
			"14": 1,
			"15": 1,
			"16": 1,
			"17": 1,
			"18": 1,
[...]
			"35": { "start": { "line": 36, "column": 0 }, "end": { "line": 36, "column": 14 } },
			"36": { "start": { "line": 37, "column": 0 }, "end": { "line": 37, "column": 4 } },
			"37": { "start": { "line": 38, "column": 0 }, "end": { "line": 38, "column": 26 } },
			"38": { "start": { "line": 39, "column": 0 }, "end": { "line": 39, "column": 0 } },
			"39": { "start": { "line": 40, "column": 0 }, "end": { "line": 40, "column": 4 } },
			"40": { "start": { "line": 41, "column": 0 }, "end": { "line": 41, "column": 32 } },
			"41": { "start": { "line": 42, "column": 0 }, "end": { "line": 42, "column": 14 } },
			"42": { "start": { "line": 43, "column": 0 }, "end": { "line": 43, "column": 4 } },
			"43": { "start": { "line": 44, "column": 0 }, "end": { "line": 44, "column": 21 } },
			"44": { "start": { "line": 45, "column": 0 }, "end": { "line": 45, "column": 0 } },
			"45": { "start": { "line": 46, "column": 0 }, "end": { "line": 46, "column": 4 } },
			"46": { "start": { "line": 47, "column": 0 }, "end": { "line": 47, "column": 34 } },
			"47": { "start": { "line": 48, "column": 0 }, "end": { "line": 48, "column": 14 } },
			"48": { "start": { "line": 49, "column": 0 }, "end": { "line": 49, "column": 4 } },
			"49": { "start": { "line": 50, "column": 0 }, "end": { "line": 50, "column": 23 } },
			"50": { "start": { "line": 51, "column": 0 }, "end": { "line": 51, "column": 0 } },
			"51": { "start": { "line": 52, "column": 0 }, "end": { "line": 52, "column": 4 } },
			"52": { "start": { "line": 53, "column": 0 }, "end": { "line": 53, "column": 37 } },
			"53": { "start": { "line": 54, "column": 0 }, "end": { "line": 54, "column": 14 } },
			"54": { "start": { "line": 55, "column": 0 }, "end": { "line": 55, "column": 4 } },
			"55": { "start": { "line": 56, "column": 0 }, "end": { "line": 56, "column": 26 } },
			"56": { "start": { "line": 57, "column": 0 }, "end": { "line": 57, "column": 1 } },
			"57": { "start": { "line": 58, "column": 0 }, "end": { "line": 58, "column": 0 } },
			"58": { "start": { "line": 59, "column": 0 }, "end": { "line": 59, "column": 3 } },
			"59": { "start": { "line": 60, "column": 0 }, "end": { "line": 60, "column": 33 } },
			"60": { "start": { "line": 61, "column": 0 }, "end": { "line": 61, "column": 40 } },
			"61": { "start": { "line": 62, "column": 0 }, "end": { "line": 62, "column": 17 } },
			"62": { "start": { "line": 63, "column": 0 }, "end": { "line": 63, "column": 42 } },
			"63": { "start": { "line": 64, "column": 0 }, "end": { "line": 64, "column": 39 } },
			"64": { "start": { "line": 65, "column": 0 }, "end": { "line": 65, "column": 44 } },
			"65": { "start": { "line": 66, "column": 0 }, "end": { "line": 66, "column": 33 } },
			"66": { "start": { "line": 67, "column": 0 }, "end": { "line": 67, "column": 3 } },
			"67": { "start": { "line": 68, "column": 0 }, "end": { "line": 68, "column": 36 } },
			"68": { "start": { "line": 69, "column": 0 }, "end": { "line": 69, "column": 2 } },
			"69": { "start": { "line": 70, "column": 0 }, "end": { "line": 70, "column": 13 } },
			"70": { "start": { "line": 71, "column": 0 }, "end": { "line": 71, "column": 14 } },
			"71": { "start": { "line": 72, "column": 0 }, "end": { "line": 72, "column": 17 } },
			"72": { "start": { "line": 73, "column": 0 }, "end": { "line": 73, "column": 20 } },
			"73": { "start": { "line": 74, "column": 0 }, "end": { "line": 74, "column": 22 } },
			"74": { "start": { "line": 75, "column": 0 }, "end": { "line": 75, "column": 17 } },
			"75": { "start": { "line": 76, "column": 0 }, "end": { "line": 76, "column": 19 } },
			"76": { "start": { "line": 77, "column": 0 }, "end": { "line": 77, "column": 22 } },
			"77": { "start": { "line": 78, "column": 0 }, "end": { "line": 78, "column": 26 } },
			"78": { "start": { "line": 79, "column": 0 }, "end": { "line": 79, "column": 12 } },
			"79": { "start": { "line": 80, "column": 0 }, "end": { "line": 80, "column": 13 } },
			"80": { "start": { "line": 81, "column": 0 }, "end": { "line": 81, "column": 16 } },
			"81": { "start": { "line": 82, "column": 0 }, "end": { "line": 82, "column": 19 } },
			"82": { "start": { "line": 83, "column": 0 }, "end": { "line": 83, "column": 21 } },
			"83": { "start": { "line": 84, "column": 0 }, "end": { "line": 84, "column": 16 } },
			"84": { "start": { "line": 85, "column": 0 }, "end": { "line": 85, "column": 18 } },
			"85": { "start": { "line": 86, "column": 0 }, "end": { "line": 86, "column": 21 } },
			"86": { "start": { "line": 87, "column": 0 }, "end": { "line": 87, "column": 3 } },
			"87": { "start": { "line": 88, "column": 0 }, "end": { "line": 88, "column": 10 } },
			"88": { "start": { "line": 89, "column": 0 }, "end": { "line": 89, "column": 33 } },
			"89": { "start": { "line": 90, "column": 0 }, "end": { "line": 90, "column": 45 } },
			"90": { "start": { "line": 91, "column": 0 }, "end": { "line": 91, "column": 2 } },
			"91": { "start": { "line": 92, "column": 0 }, "end": { "line": 92, "column": 0 } },
			"92": { "start": { "line": 93, "column": 0 }, "end": { "line": 93, "column": 65 } },
			"93": { "start": { "line": 94, "column": 0 }, "end": { "line": 94, "column": 42 } },
			"94": { "start": { "line": 95, "column": 0 }, "end": { "line": 95, "column": 2 } },
			"95": { "start": { "line": 96, "column": 0 }, "end": { "line": 96, "column": 0 } },
			"96": { "start": { "line": 97, "column": 0 }, "end": { "line": 97, "column": 65 } },
			"97": { "start": { "line": 98, "column": 0 }, "end": { "line": 98, "column": 47 } },
			"98": { "start": { "line": 99, "column": 0 }, "end": { "line": 99, "column": 2 } },
			"99": { "start": { "line": 100, "column": 0 }, "end": { "line": 100, "column": 0 } },
			"100": { "start": { "line": 101, "column": 0 }, "end": { "line": 101, "column": 97 } },
			"101": { "start": { "line": 102, "column": 0 }, "end": { "line": 102, "column": 38 } },
			"102": { "start": { "line": 103, "column": 0 }, "end": { "line": 103, "column": 2 } },
			"103": { "start": { "line": 104, "column": 0 }, "end": { "line": 104, "column": 0 } },
			"104": { "start": { "line": 105, "column": 0 }, "end": { "line": 105, "column": 30 } },
			"105": { "start": { "line": 106, "column": 0 }, "end": { "line": 106, "column": 32 } },
			"106": { "start": { "line": 107, "column": 0 }, "end": { "line": 107, "column": 43 } },
			"107": { "start": { "line": 108, "column": 0 }, "end": { "line": 108, "column": 0 } },
			"108": { "start": { "line": 109, "column": 0 }, "end": { "line": 109, "column": 49 } },
			"109": { "start": { "line": 110, "column": 0 }, "end": { "line": 110, "column": 0 } },
			"110": { "start": { "line": 111, "column": 0 }, "end": { "line": 111, "column": 36 } },
			"111": { "start": { "line": 112, "column": 0 }, "end": { "line": 112, "column": 45 } },
			"112": { "start": { "line": 113, "column": 0 }, "end": { "line": 113, "column": 0 } },
			"113": { "start": { "line": 114, "column": 0 }, "end": { "line": 114, "column": 32 } },
			"114": { "start": { "line": 115, "column": 0 }, "end": { "line": 115, "column": 12 } },
			"115": { "start": { "line": 116, "column": 0 }, "end": { "line": 116, "column": 3 } },
			"116": { "start": { "line": 117, "column": 0 }, "end": { "line": 117, "column": 0 } },
			"117": { "start": { "line": 118, "column": 0 }, "end": { "line": 118, "column": 31 } },
			"118": { "start": { "line": 119, "column": 0 }, "end": { "line": 119, "column": 18 } },
			"119": { "start": { "line": 120, "column": 0 }, "end": { "line": 120, "column": 2 } },
			"120": { "start": { "line": 121, "column": 0 }, "end": { "line": 121, "column": 0 } },
			"121": { "start": { "line": 122, "column": 0 }, "end": { "line": 122, "column": 40 } },
			"122": { "start": { "line": 123, "column": 0 }, "end": { "line": 123, "column": 45 } },
			"123": { "start": { "line": 124, "column": 0 }, "end": { "line": 124, "column": 0 } },
			"124": { "start": { "line": 125, "column": 0 }, "end": { "line": 125, "column": 32 } },
			"125": { "start": { "line": 126, "column": 0 }, "end": { "line": 126, "column": 12 } },
			"126": { "start": { "line": 127, "column": 0 }, "end": { "line": 127, "column": 3 } },
			"127": { "start": { "line": 128, "column": 0 }, "end": { "line": 128, "column": 0 } },
			"128": { "start": { "line": 129, "column": 0 }, "end": { "line": 129, "column": 31 } },
			"129": { "start": { "line": 130, "column": 0 }, "end": { "line": 130, "column": 20 } },
			"130": { "start": { "line": 131, "column": 0 }, "end": { "line": 131, "column": 2 } },
			"131": { "start": { "line": 132, "column": 0 }, "end": { "line": 132, "column": 0 } },
			"132": { "start": { "line": 133, "column": 0 }, "end": { "line": 133, "column": 45 } },
			"133": { "start": { "line": 134, "column": 0 }, "end": { "line": 134, "column": 45 } },
			"134": { "start": { "line": 135, "column": 0 }, "end": { "line": 135, "column": 0 } },
			"135": { "start": { "line": 136, "column": 0 }, "end": { "line": 136, "column": 32 } },
			"136": { "start": { "line": 137, "column": 0 }, "end": { "line": 137, "column": 12 } },
			"137": { "start": { "line": 138, "column": 0 }, "end": { "line": 138, "column": 3 } },
			"138": { "start": { "line": 139, "column": 0 }, "end": { "line": 139, "column": 0 } },
			"139": { "start": { "line": 140, "column": 0 }, "end": { "line": 140, "column": 31 } },
			"140": { "start": { "line": 141, "column": 0 }, "end": { "line": 141, "column": 88 } },
			"141": { "start": { "line": 142, "column": 0 }, "end": { "line": 142, "column": 2 } },
			"142": { "start": { "line": 143, "column": 0 }, "end": { "line": 143, "column": 0 } },
			"143": { "start": { "line": 144, "column": 0 }, "end": { "line": 144, "column": 49 } },
			"144": { "start": { "line": 145, "column": 0 }, "end": { "line": 145, "column": 45 } },
			"145": { "start": { "line": 146, "column": 0 }, "end": { "line": 146, "column": 0 } },
			"146": { "start": { "line": 147, "column": 0 }, "end": { "line": 147, "column": 32 } },
			"147": { "start": { "line": 148, "column": 0 }, "end": { "line": 148, "column": 12 } },
			"148": { "start": { "line": 149, "column": 0 }, "end": { "line": 149, "column": 3 } },
			"149": { "start": { "line": 150, "column": 0 }, "end": { "line": 150, "column": 0 } },
			"150": { "start": { "line": 151, "column": 0 }, "end": { "line": 151, "column": 31 } },
			"151": { "start": { "line": 152, "column": 0 }, "end": { "line": 152, "column": 88 } },
			"152": { "start": { "line": 153, "column": 0 }, "end": { "line": 153, "column": 2 } },
			"153": { "start": { "line": 154, "column": 0 }, "end": { "line": 154, "column": 0 } },
			"154": { "start": { "line": 155, "column": 0 }, "end": { "line": 155, "column": 9 } },
			"155": { "start": { "line": 156, "column": 0 }, "end": { "line": 156, "column": 8 } },
			"156": { "start": { "line": 157, "column": 0 }, "end": { "line": 157, "column": 14 } },
			"157": { "start": { "line": 158, "column": 0 }, "end": { "line": 158, "column": 23 } },
			"158": { "start": { "line": 159, "column": 0 }, "end": { "line": 159, "column": 8 } },
			"159": { "start": { "line": 160, "column": 0 }, "end": { "line": 160, "column": 9 } },
			"160": { "start": { "line": 161, "column": 0 }, "end": { "line": 161, "column": 13 } },
			"161": { "start": { "line": 162, "column": 0 }, "end": { "line": 162, "column": 15 } },
			"162": { "start": { "line": 163, "column": 0 }, "end": { "line": 163, "column": 18 } },
			"163": { "start": { "line": 164, "column": 0 }, "end": { "line": 164, "column": 8 } },
			"164": { "start": { "line": 165, "column": 0 }, "end": { "line": 165, "column": 10 } },
			"165": { "start": { "line": 166, "column": 0 }, "end": { "line": 166, "column": 12 } },
			"166": { "start": { "line": 167, "column": 0 }, "end": { "line": 167, "column": 3 } },
			"167": { "start": { "line": 168, "column": 0 }, "end": { "line": 168, "column": 1 } }
		},
		"s": {
			"0": 1,
			"1": 1,
			"2": 1,
			"3": 1,
			"4": 1,
			"5": 1,
			"6": 1,
			"7": 1,
			"8": 1,
			"9": 1,
			"10": 1,
			"11": 1,
			"12": 1,
			"13": 1,
			"14": 1,
			"15": 1,
			"16": 1,
			"17": 1,
			"18": 1,
			"19": 1,
			"20": 1,
			"21": 1,
			"22": 1,
			"23": 1,
			"24": 1,
			"25": 1,
			"26": 1,
			"27": 1,
			"28": 1,
			"29": 1,
			"30": 1,
			"31": 1,
			"32": 1,
			"33": 1,
			"34": 1,
			"35": 1,
			"36": 1,
			"37": 1,
			"38": 1,
			"39": 1,
			"40": 1,
			"41": 1,
			"42": 1,
			"43": 1,
			"44": 1,
			"45": 1,
			"46": 1,
			"47": 1,
			"48": 1,
			"49": 1,
			"50": 1,
			"51": 1,
			"52": 1,
			"53": 1,
			"54": 1,
			"55": 1,
			"56": 1,
			"57": 1,
			"58": 1,
			"59": 1,
			"60": 1,
			"61": 1,
			"62": 1,
			"63": 1,
			"64": 1,
			"65": 1,
			"66": 1,
			"67": 1,
			"68": 0,
			"69": 0,
			"70": 0,
			"71": 0,
			"72": 0,
			"73": 0,
			"74": 0,
			"75": 0,
			"76": 0,
			"77": 0,
			"78": 0,
			"79": 0,
			"80": 0,
			"81": 0,
			"82": 0,
			"83": 0,
			"84": 0,
			"85": 0,
			"86": 0,
			"87": 0,
			"88": 0,
			"89": 0,
			"90": 0,
			"91": 0,
			"92": 0,
			"93": 0,
			"94": 0,
			"95": 0,
			"96": 0,
			"97": 0,
			"98": 0,
			"99": 0,
			"100": 0,
			"101": 0,
			"102": 0,
			"103": 0,
			"104": 0,
			"105": 0,
			"106": 0,
			"107": 0,
			"108": 0,
			"109": 0,
			"110": 0,
			"111": 0,
			"112": 0,
			"113": 0,
			"114": 0,
			"115": 0,
			"116": 0,
			"117": 0,
			"118": 0,
			"119": 0,
			"120": 0,
			"121": 0,
			"122": 0,
			"123": 0,
			"124": 0,
			"125": 0,
			"126": 0,
			"127": 0,
			"128": 0,
			"129": 0,
			"130": 0,
			"131": 0,
			"132": 0,
			"133": 0,
			"134": 0,
			"135": 0,
			"136": 0,
			"137": 0,
			"138": 0,
			"139": 0,
			"140": 0,
			"141": 0,
			"142": 0,
			"143": 0,
			"144": 0,
			"145": 0,
			"146": 0,
			"147": 0,
			"148": 0,
			"149": 0,
			"150": 0,
			"151": 0,
			"152": 0,
			"153": 0,
			"154": 0,
			"155": 0,
			"156": 0,
			"157": 0,
			"158": 0,
			"159": 0,
			"160": 0,
			"161": 0,
			"162": 0,
			"163": 0,
			"164": 0,
			"165": 0,
			"166": 0,
			"167": 0
		},
		"branchMap": {},
		"b": {},
		"fnMap": {
			"0": {
				"name": "randomField",
				"decl": { "start": { "line": 68, "column": 15 }, "end": { "line": 168, "column": 1 } },
				"loc": { "start": { "line": 68, "column": 15 }, "end": { "line": 168, "column": 1 } },
				"line": 68
			}
		},
		"f": { "0": 0 }
	},
	"/home/thangved/Workspace/Procon/procon2023/src/utils/sortActions.ts": {
		"path": "/home/thangved/Workspace/Procon/procon2023/src/utils/sortActions.ts",
		"all": false,
		"statementMap": {
			"0": { "start": { "line": 1, "column": 0 }, "end": { "line": 1, "column": 37 } },
			"1": { "start": { "line": 2, "column": 0 }, "end": { "line": 2, "column": 0 } },
			"2": { "start": { "line": 3, "column": 0 }, "end": { "line": 3, "column": 18 } },
			"3": { "start": { "line": 4, "column": 0 }, "end": { "line": 4, "column": 9 } },
			"4": { "start": { "line": 5, "column": 0 }, "end": { "line": 5, "column": 12 } },
			"5": { "start": { "line": 6, "column": 0 }, "end": { "line": 6, "column": 10 } },
			"6": { "start": { "line": 7, "column": 0 }, "end": { "line": 7, "column": 9 } },
			"7": { "start": { "line": 8, "column": 0 }, "end": { "line": 8, "column": 2 } },
			"8": { "start": { "line": 9, "column": 0 }, "end": { "line": 9, "column": 0 } },
			"9": { "start": { "line": 10, "column": 0 }, "end": { "line": 10, "column": 3 } },
			"10": { "start": { "line": 11, "column": 0 }, "end": { "line": 11, "column": 85 } },
			"11": { "start": { "line": 12, "column": 0 }, "end": { "line": 12, "column": 33 } },
			"12": { "start": { "line": 13, "column": 0 }, "end": { "line": 13, "column": 26 } },
			"13": { "start": { "line": 14, "column": 0 }, "end": { "line": 14, "column": 11 } },
			"14": { "start": { "line": 15, "column": 0 }, "end": { "line": 15, "column": 20 } },
			"15": { "start": { "line": 16, "column": 0 }, "end": { "line": 16, "column": 5 } },
			"16": { "start": { "line": 17, "column": 0 }, "end": { "line": 17, "column": 23 } },
			"17": { "start": { "line": 18, "column": 0 }, "end": { "line": 18, "column": 21 } },
			"18": { "start": { "line": 19, "column": 0 }, "end": { "line": 19, "column": 27 } },
			"19": { "start": { "line": 20, "column": 0 }, "end": { "line": 20, "column": 6 } },
			"20": { "start": { "line": 21, "column": 0 }, "end": { "line": 21, "column": 5 } },
			"21": { "start": { "line": 22, "column": 0 }, "end": { "line": 22, "column": 23 } },
			"22": { "start": { "line": 23, "column": 0 }, "end": { "line": 23, "column": 20 } },
			"23": { "start": { "line": 24, "column": 0 }, "end": { "line": 24, "column": 33 } },
			"24": { "start": { "line": 25, "column": 0 }, "end": { "line": 25, "column": 6 } },
			"25": { "start": { "line": 26, "column": 0 }, "end": { "line": 26, "column": 5 } },
			"26": { "start": { "line": 27, "column": 0 }, "end": { "line": 27, "column": 23 } },
			"27": { "start": { "line": 28, "column": 0 }, "end": { "line": 28, "column": 20 } },
			"28": { "start": { "line": 29, "column": 0 }, "end": { "line": 29, "column": 6 } },
			"29": { "start": { "line": 30, "column": 0 }, "end": { "line": 30, "column": 5 } },
			"30": { "start": { "line": 31, "column": 0 }, "end": { "line": 31, "column": 2 } },
			"31": { "start": { "line": 32, "column": 0 }, "end": { "line": 32, "column": 24 } },
			"32": { "start": { "line": 33, "column": 0 }, "end": { "line": 33, "column": 7 } },
			"33": { "start": { "line": 34, "column": 0 }, "end": { "line": 34, "column": 8 } },
			"34": { "start": { "line": 35, "column": 0 }, "end": { "line": 35, "column": 26 } },
			"35": { "start": { "line": 36, "column": 0 }, "end": { "line": 36, "column": 23 } },
			"36": { "start": { "line": 37, "column": 0 }, "end": { "line": 37, "column": 9 } },
			"37": { "start": { "line": 38, "column": 0 }, "end": { "line": 38, "column": 8 } },
			"38": { "start": { "line": 39, "column": 0 }, "end": { "line": 39, "column": 26 } },
			"39": { "start": { "line": 40, "column": 0 }, "end": { "line": 40, "column": 24 } },
			"40": { "start": { "line": 41, "column": 0 }, "end": { "line": 41, "column": 30 } },
			"41": { "start": { "line": 42, "column": 0 }, "end": { "line": 42, "column": 9 } },
			"42": { "start": { "line": 43, "column": 0 }, "end": { "line": 43, "column": 8 } },
			"43": { "start": { "line": 44, "column": 0 }, "end": { "line": 44, "column": 26 } },
			"44": { "start": { "line": 45, "column": 0 }, "end": { "line": 45, "column": 23 } },
			"45": { "start": { "line": 46, "column": 0 }, "end": { "line": 46, "column": 36 } },
			"46": { "start": { "line": 47, "column": 0 }, "end": { "line": 47, "column": 9 } },
			"47": { "start": { "line": 48, "column": 0 }, "end": { "line": 48, "column": 7 } },
			"48": { "start": { "line": 49, "column": 0 }, "end": { "line": 49, "column": 3 } },
			"49": { "start": { "line": 50, "column": 0 }, "end": { "line": 50, "column": 56 } },
			"50": { "start": { "line": 51, "column": 0 }, "end": { "line": 51, "column": 77 } },
			"51": { "start": { "line": 52, "column": 0 }, "end": { "line": 52, "column": 1 } }
		},
		"s": {
			"0": 1,
			"1": 1,
			"2": 1,
			"3": 1,
			"4": 1,
			"5": 1,
			"6": 1,
			"7": 1,
			"8": 1,
			"9": 1,
			"10": 1,
			"11": 1,
			"12": 1,
			"13": 1,
			"14": 1,
			"15": 1,
			"16": 1,
			"17": 1,
			"18": 1,
			"19": 1,
			"20": 1,
			"21": 1,
			"22": 1,
			"23": 1,
			"24": 1,
			"25": 1,
			"26": 1,
			"27": 1,
			"28": 1,
			"29": 1,
			"30": 1,
			"31": 1,
			"32": 1,
			"33": 1,
			"34": 1,
			"35": 1,
			"36": 1,
			"37": 1,
			"38": 1,
			"39": 1,
			"40": 1,
			"41": 1,
			"42": 1,
			"43": 1,
			"44": 1,
			"45": 1,
			"46": 1,
			"47": 1,
			"48": 1,
			"49": 1,
			"50": 0,
			"51": 0
		},
		"branchMap": {},
		"b": {},
		"fnMap": {
			"0": {
				"name": "sortActions",
				"decl": { "start": { "line": 50, "column": 15 }, "end": { "line": 52, "column": 1 } },
				"loc": { "start": { "line": 50, "column": 15 }, "end": { "line": 52, "column": 1 } },
				"line": 50
			}
		},
		"f": { "0": 0 }
	}
}
