{
	"/home/thangved/Workspace/Procon/procon2023/src/game/classes/PriorityQueue.ts": {
		"path": "/home/thangved/Workspace/Procon/procon2023/src/game/classes/PriorityQueue.ts",
		"all": false,
		"statementMap": {
			"0": { "start": { "line": 1, "column": 0 }, "end": { "line": 1, "column": 84 } },
			"1": { "start": { "line": 2, "column": 0 }, "end": { "line": 2, "column": 0 } },
			"2": { "start": { "line": 3, "column": 0 }, "end": { "line": 3, "column": 3 } },
			"3": { "start": { "line": 4, "column": 0 }, "end": { "line": 4, "column": 30 } },
			"4": { "start": { "line": 5, "column": 0 }, "end": { "line": 5, "column": 3 } },
			"5": { "start": { "line": 6, "column": 0 }, "end": { "line": 6, "column": 68 } },
			"6": { "start": { "line": 7, "column": 0 }, "end": { "line": 7, "column": 4 } },
			"7": { "start": { "line": 8, "column": 0 }, "end": { "line": 8, "column": 31 } },
			"8": { "start": { "line": 9, "column": 0 }, "end": { "line": 9, "column": 4 } },
			"9": { "start": { "line": 10, "column": 0 }, "end": { "line": 10, "column": 44 } },
			"10": { "start": { "line": 11, "column": 0 }, "end": { "line": 11, "column": 0 } },
			"11": { "start": { "line": 12, "column": 0 }, "end": { "line": 12, "column": 4 } },
			"12": { "start": { "line": 13, "column": 0 }, "end": { "line": 13, "column": 43 } },
			"13": { "start": { "line": 14, "column": 0 }, "end": { "line": 14, "column": 4 } },
			"14": { "start": { "line": 15, "column": 0 }, "end": { "line": 15, "column": 16 } },
			"15": { "start": { "line": 16, "column": 0 }, "end": { "line": 16, "column": 18 } },
			"16": { "start": { "line": 17, "column": 0 }, "end": { "line": 17, "column": 2 } },
			"17": { "start": { "line": 18, "column": 0 }, "end": { "line": 18, "column": 0 } },
			"18": { "start": { "line": 19, "column": 0 }, "end": { "line": 19, "column": 51 } },
			"19": { "start": { "line": 20, "column": 0 }, "end": { "line": 20, "column": 23 } },
			"20": { "start": { "line": 21, "column": 0 }, "end": { "line": 21, "column": 40 } },
			"21": { "start": { "line": 22, "column": 0 }, "end": { "line": 22, "column": 10 } },
			"22": { "start": { "line": 23, "column": 0 }, "end": { "line": 23, "column": 3 } },
			"23": { "start": { "line": 24, "column": 0 }, "end": { "line": 24, "column": 0 } },
			"24": { "start": { "line": 25, "column": 0 }, "end": { "line": 25, "column": 23 } },
			"25": { "start": { "line": 26, "column": 0 }, "end": { "line": 26, "column": 0 } },
			"26": { "start": { "line": 27, "column": 0 }, "end": { "line": 27, "column": 52 } },
			"27": { "start": { "line": 28, "column": 0 }, "end": { "line": 28, "column": 43 } },
			"28": { "start": { "line": 29, "column": 0 }, "end": { "line": 29, "column": 53 } },
			"29": { "start": { "line": 30, "column": 0 }, "end": { "line": 30, "column": 20 } },
			"30": { "start": { "line": 31, "column": 0 }, "end": { "line": 31, "column": 10 } },
			"31": { "start": { "line": 32, "column": 0 }, "end": { "line": 32, "column": 4 } },
			"32": { "start": { "line": 33, "column": 0 }, "end": { "line": 33, "column": 3 } },
			"33": { "start": { "line": 34, "column": 0 }, "end": { "line": 34, "column": 0 } },
			"34": { "start": { "line": 35, "column": 0 }, "end": { "line": 35, "column": 18 } },
			"35": { "start": { "line": 36, "column": 0 }, "end": { "line": 36, "column": 43 } },
			"36": { "start": { "line": 37, "column": 0 }, "end": { "line": 37, "column": 3 } },
			"37": { "start": { "line": 38, "column": 0 }, "end": { "line": 38, "column": 2 } },
			"38": { "start": { "line": 39, "column": 0 }, "end": { "line": 39, "column": 0 } },
			"39": { "start": { "line": 40, "column": 0 }, "end": { "line": 40, "column": 44 } },
			"40": { "start": { "line": 41, "column": 0 }, "end": { "line": 41, "column": 56 } },
			"41": { "start": { "line": 42, "column": 0 }, "end": { "line": 42, "column": 0 } },
			"42": { "start": { "line": 43, "column": 0 }, "end": { "line": 43, "column": 29 } },
			"43": { "start": { "line": 44, "column": 0 }, "end": { "line": 44, "column": 2 } },
			"44": { "start": { "line": 45, "column": 0 }, "end": { "line": 45, "column": 0 } },
			"45": { "start": { "line": 46, "column": 0 }, "end": { "line": 46, "column": 28 } },
			"46": { "start": { "line": 47, "column": 0 }, "end": { "line": 47, "column": 33 } },
			"47": { "start": { "line": 48, "column": 0 }, "end": { "line": 48, "column": 2 } },
			"48": { "start": { "line": 49, "column": 0 }, "end": { "line": 49, "column": 1 } }
		},
		"s": {
			"0": 1,
			"1": 1,
			"2": 1,
			"3": 1,
			"4": 1,
			"5": 1,
			"6": 1,
			"7": 1,
			"8": 1,
			"9": 1,
			"10": 1,
			"11": 1,
			"12": 1,
			"13": 1,
			"14": 1,
			"15": 2,
			"16": 2,
			"17": 1,
			"18": 1,
			"19": 3,
			"20": 1,
			"21": 1,
			"22": 1,
			"23": 2,
			"24": 2,
			"25": 2,
			"26": 3,
			"27": 3,
			"28": 1,
			"29": 1,
			"30": 1,
			"31": 1,
			"32": 3,
			"33": 2,
			"34": 3,
			"35": 1,
			"36": 1,
			"37": 3,
			"38": 1,
			"39": 1,
			"40": 3,
			"41": 3,
			"42": 3,
			"43": 3,
			"44": 1,
			"45": 1,
			"46": 7,
			"47": 7,
			"48": 1
		},
		"branchMap": {
			"0": {
				"type": "branch",
				"line": 19,
				"loc": { "start": { "line": 19, "column": 8 }, "end": { "line": 38, "column": 2 } },
				"locations": [{ "start": { "line": 19, "column": 8 }, "end": { "line": 38, "column": 2 } }]
			},
			"1": {
				"type": "branch",
				"line": 20,
				"loc": { "start": { "line": 20, "column": 22 }, "end": { "line": 23, "column": 3 } },
				"locations": [{ "start": { "line": 20, "column": 22 }, "end": { "line": 23, "column": 3 } }]
			},
			"2": {
				"type": "branch",
				"line": 23,
				"loc": { "start": { "line": 23, "column": 2 }, "end": { "line": 27, "column": 51 } },
				"locations": [{ "start": { "line": 23, "column": 2 }, "end": { "line": 27, "column": 51 } }]
			},
			"3": {
				"type": "branch",
				"line": 28,
				"loc": { "start": { "line": 28, "column": 42 }, "end": { "line": 32, "column": 4 } },
				"locations": [{ "start": { "line": 28, "column": 42 }, "end": { "line": 32, "column": 4 } }]
			},
			"4": {
				"type": "branch",
				"line": 33,
				"loc": { "start": { "line": 33, "column": 2 }, "end": { "line": 35, "column": 17 } },
				"locations": [{ "start": { "line": 33, "column": 2 }, "end": { "line": 35, "column": 17 } }]
			},
			"5": {
				"type": "branch",
				"line": 35,
				"loc": { "start": { "line": 35, "column": 17 }, "end": { "line": 37, "column": 3 } },
				"locations": [{ "start": { "line": 35, "column": 17 }, "end": { "line": 37, "column": 3 } }]
			},
			"6": {
				"type": "branch",
				"line": 40,
				"loc": { "start": { "line": 40, "column": 8 }, "end": { "line": 44, "column": 2 } },
				"locations": [{ "start": { "line": 40, "column": 8 }, "end": { "line": 44, "column": 2 } }]
			},
			"7": {
				"type": "branch",
				"line": 41,
				"loc": { "start": { "line": 41, "column": 22 }, "end": { "line": 41, "column": 56 } },
				"locations": [{ "start": { "line": 41, "column": 22 }, "end": { "line": 41, "column": 56 } }]
			},
			"8": {
				"type": "branch",
				"line": 46,
				"loc": { "start": { "line": 46, "column": 8 }, "end": { "line": 48, "column": 2 } },
				"locations": [{ "start": { "line": 46, "column": 8 }, "end": { "line": 48, "column": 2 } }]
			},
			"9": {
				"type": "branch",
				"line": 15,
				"loc": { "start": { "line": 15, "column": 1 }, "end": { "line": 17, "column": 2 } },
				"locations": [{ "start": { "line": 15, "column": 1 }, "end": { "line": 17, "column": 2 } }]
			}
		},
		"b": { "0": [3], "1": [1], "2": [2], "3": [1], "4": [2], "5": [1], "6": [3], "7": [0], "8": [7], "9": [2] },
		"fnMap": {
			"0": {
				"name": "enQueue",
				"decl": { "start": { "line": 19, "column": 8 }, "end": { "line": 38, "column": 2 } },
				"loc": { "start": { "line": 19, "column": 8 }, "end": { "line": 38, "column": 2 } },
				"line": 19
			},
			"1": {
				"name": "deQueue",
				"decl": { "start": { "line": 40, "column": 8 }, "end": { "line": 44, "column": 2 } },
				"loc": { "start": { "line": 40, "column": 8 }, "end": { "line": 44, "column": 2 } },
				"line": 40
			},
			"2": {
				"name": "isEmpty",
				"decl": { "start": { "line": 46, "column": 8 }, "end": { "line": 48, "column": 2 } },
				"loc": { "start": { "line": 46, "column": 8 }, "end": { "line": 48, "column": 2 } },
				"line": 46
			},
			"3": {
				"name": "PriorityQueue",
				"decl": { "start": { "line": 15, "column": 1 }, "end": { "line": 17, "column": 2 } },
				"loc": { "start": { "line": 15, "column": 1 }, "end": { "line": 17, "column": 2 } },
				"line": 15
			}
		},
		"f": { "0": 3, "1": 3, "2": 7, "3": 2 }
	},
	"/home/thangved/Workspace/Procon/procon2023/src/utils/permutation.ts": {
		"path": "/home/thangved/Workspace/Procon/procon2023/src/utils/permutation.ts",
		"all": false,
		"statementMap": {
			"0": { "start": { "line": 1, "column": 0 }, "end": { "line": 1, "column": 65 } },
			"1": { "start": { "line": 2, "column": 0 }, "end": { "line": 2, "column": 30 } },
			"2": { "start": { "line": 3, "column": 0 }, "end": { "line": 3, "column": 29 } },
			"3": { "start": { "line": 4, "column": 0 }, "end": { "line": 4, "column": 0 } },
			"4": { "start": { "line": 5, "column": 0 }, "end": { "line": 5, "column": 13 } },
			"5": { "start": { "line": 6, "column": 0 }, "end": { "line": 6, "column": 33 } },
			"6": { "start": { "line": 7, "column": 0 }, "end": { "line": 7, "column": 36 } },
			"7": { "start": { "line": 8, "column": 0 }, "end": { "line": 8, "column": 0 } },
			"8": { "start": { "line": 9, "column": 0 }, "end": { "line": 9, "column": 18 } },
			"9": { "start": { "line": 10, "column": 0 }, "end": { "line": 10, "column": 39 } },
			"10": { "start": { "line": 11, "column": 0 }, "end": { "line": 11, "column": 32 } },
			"11": { "start": { "line": 12, "column": 0 }, "end": { "line": 12, "column": 0 } },
			"12": { "start": { "line": 13, "column": 0 }, "end": { "line": 13, "column": 65 } },
			"13": { "start": { "line": 14, "column": 0 }, "end": { "line": 14, "column": 64 } },
			"14": { "start": { "line": 15, "column": 0 }, "end": { "line": 15, "column": 0 } },
			"15": { "start": { "line": 16, "column": 0 }, "end": { "line": 16, "column": 55 } },
			"16": { "start": { "line": 17, "column": 0 }, "end": { "line": 17, "column": 82 } },
			"17": { "start": { "line": 18, "column": 0 }, "end": { "line": 18, "column": 0 } },
			"18": { "start": { "line": 19, "column": 0 }, "end": { "line": 19, "column": 43 } },
			"19": { "start": { "line": 20, "column": 0 }, "end": { "line": 20, "column": 3 } },
			"20": { "start": { "line": 21, "column": 0 }, "end": { "line": 21, "column": 2 } },
			"21": { "start": { "line": 22, "column": 0 }, "end": { "line": 22, "column": 0 } },
			"22": { "start": { "line": 23, "column": 0 }, "end": { "line": 23, "column": 18 } },
			"23": { "start": { "line": 24, "column": 0 }, "end": { "line": 24, "column": 1 } }
		},
		"s": {
			"0": 1,
			"1": 10,
			"2": 10,
			"3": 10,
			"4": 10,
			"5": 10,
			"6": 10,
			"7": 4,
			"8": 4,
			"9": 10,
			"10": 9,
			"11": 9,
			"12": 9,
			"13": 9,
			"14": 9,
			"15": 9,
			"16": 12,
			"17": 12,
			"18": 12,
			"19": 12,
			"20": 9,
			"21": 4,
			"22": 4,
			"23": 4
		},
		"branchMap": {
			"0": {
				"type": "branch",
				"line": 1,
				"loc": { "start": { "line": 1, "column": 15 }, "end": { "line": 24, "column": 1 } },
				"locations": [{ "start": { "line": 1, "column": 15 }, "end": { "line": 24, "column": 1 } }]
			},
			"1": {
				"type": "branch",
				"line": 6,
				"loc": { "start": { "line": 6, "column": 23 }, "end": { "line": 6, "column": 33 } },
				"locations": [{ "start": { "line": 6, "column": 23 }, "end": { "line": 6, "column": 33 } }]
			},
			"2": {
				"type": "branch",
				"line": 7,
				"loc": { "start": { "line": 7, "column": 23 }, "end": { "line": 7, "column": 36 } },
				"locations": [{ "start": { "line": 7, "column": 23 }, "end": { "line": 7, "column": 36 } }]
			},
			"3": {
				"type": "branch",
				"line": 7,
				"loc": { "start": { "line": 7, "column": 35 }, "end": { "line": 10, "column": 38 } },
				"locations": [{ "start": { "line": 7, "column": 35 }, "end": { "line": 10, "column": 38 } }]
			},
			"4": {
				"type": "branch",
				"line": 10,
				"loc": { "start": { "line": 10, "column": 38 }, "end": { "line": 21, "column": 2 } },
				"locations": [{ "start": { "line": 10, "column": 38 }, "end": { "line": 21, "column": 2 } }]
			},
			"5": {
				"type": "branch",
				"line": 16,
				"loc": { "start": { "line": 16, "column": 54 }, "end": { "line": 20, "column": 3 } },
				"locations": [{ "start": { "line": 16, "column": 54 }, "end": { "line": 20, "column": 3 } }]
			},
			"6": {
				"type": "branch",
				"line": 21,
				"loc": { "start": { "line": 21, "column": 1 }, "end": { "line": 24, "column": 1 } },
				"locations": [{ "start": { "line": 21, "column": 1 }, "end": { "line": 24, "column": 1 } }]
			}
		},
		"b": { "0": [10], "1": [0], "2": [6], "3": [4], "4": [9], "5": [12], "6": [4] },
		"fnMap": {
			"0": {
				"name": "generatePermutation",
				"decl": { "start": { "line": 1, "column": 15 }, "end": { "line": 24, "column": 1 } },
				"loc": { "start": { "line": 1, "column": 15 }, "end": { "line": 24, "column": 1 } },
				"line": 1
			}
		},
		"f": { "0": 10 }
	}
}
